TpTrace Verbose: 0 : 14120, 1, 2023/03/13, 21:22:14.709, 121454618888, vstest.console.dll, Version: 17.4.0-release-20221019-01 Current process architecture: X64
TpTrace Verbose: 0 : 14120, 1, 2023/03/13, 21:22:14.712, 121454647894, vstest.console.dll, Runtime location: C:\Program Files\dotnet\shared\Microsoft.NETCore.App\7.0.2
TpTrace Verbose: 0 : 14120, 1, 2023/03/13, 21:22:14.716, 121454692271, vstest.console.dll, ArtifactProcessingPostProcessModeProcessorExecutor.Initialize: ArtifactProcessingMode.Collect
TpTrace Verbose: 0 : 14120, 1, 2023/03/13, 21:22:14.716, 121454694233, vstest.console.dll, TestSessionCorrelationIdProcessorModeProcessorExecutor.Initialize: TestSessionCorrelationId '3436_05cd29ee-3e17-49e7-870c-1a8acb772831'
TpTrace Information: 0 : 14120, 1, 2023/03/13, 21:22:14.726, 121454795426, vstest.console.dll, FilePatternParser: The given file C:\Users\zacha\source\repos\bibliotheque-da2012487-semaine8\TestPersonne\bin\Debug\net6.0\fine-code-coverage\build-output\TestPersonne.dll is a full path.
TpTrace Verbose: 0 : 14120, 1, 2023/03/13, 21:22:14.733, 121454865692, vstest.console.dll, TestPluginCache.DiscoverTestExtensions: finding test extensions in assemblies ends with: RuntimeProvider.dll TPluginInfo: Microsoft.VisualStudio.TestPlatform.Common.ExtensionFramework.Utilities.TestRuntimePluginInformation TExtension: Microsoft.VisualStudio.TestPlatform.ObjectModel.Host.ITestRuntimeProvider
TpTrace Verbose: 0 : 14120, 1, 2023/03/13, 21:22:14.734, 121454868370, vstest.console.dll, TestPluginCache.GetExtensionPaths: Filtered extension paths: 
TpTrace Verbose: 0 : 14120, 1, 2023/03/13, 21:22:14.734, 121454869496, vstest.console.dll, TestPluginCache.GetExtensionPaths: Added default extension paths: C:\Program Files\dotnet\sdk\7.0.102\Extensions\Microsoft.Diagnostics.NETCore.Client.dll
C:\Program Files\dotnet\sdk\7.0.102\Extensions\Microsoft.TestPlatform.Extensions.BlameDataCollector.dll
C:\Program Files\dotnet\sdk\7.0.102\Extensions\Microsoft.TestPlatform.Extensions.EventLogCollector.dll
C:\Program Files\dotnet\sdk\7.0.102\Extensions\Microsoft.TestPlatform.TestHostRuntimeProvider.dll
C:\Program Files\dotnet\sdk\7.0.102\Extensions\Microsoft.VisualStudio.TestPlatform.Extensions.Html.TestLogger.dll
C:\Program Files\dotnet\sdk\7.0.102\Extensions\Microsoft.VisualStudio.TestPlatform.Extensions.Trx.TestLogger.dll
TpTrace Verbose: 0 : 14120, 1, 2023/03/13, 21:22:14.734, 121454869984, vstest.console.dll, TestPluginCache.GetExtensionPaths: Added unfilterableExtensionPaths: 
TpTrace Information: 0 : 14120, 1, 2023/03/13, 21:22:14.735, 121454879492, vstest.console.dll, AssemblyResolver.ctor: Creating AssemblyResolver with searchDirectories C:\Program Files\dotnet\sdk\7.0.102\Extensions,C:\Program Files\dotnet\sdk\7.0.102
TpTrace Verbose: 0 : 14120, 1, 2023/03/13, 21:22:14.737, 121454901247, vstest.console.dll, TestPluginCache.DiscoverTestExtensions: Discovering the extensions using extension path.
TpTrace Verbose: 0 : 14120, 1, 2023/03/13, 21:22:14.737, 121454903407, vstest.console.dll, TestPluginCache.GetExtensionPaths: Filtered extension paths: 
TpTrace Verbose: 0 : 14120, 1, 2023/03/13, 21:22:14.737, 121454904129, vstest.console.dll, TestPluginCache.GetExtensionPaths: Added default extension paths: C:\Program Files\dotnet\sdk\7.0.102\Extensions\Microsoft.Diagnostics.NETCore.Client.dll
C:\Program Files\dotnet\sdk\7.0.102\Extensions\Microsoft.TestPlatform.Extensions.BlameDataCollector.dll
C:\Program Files\dotnet\sdk\7.0.102\Extensions\Microsoft.TestPlatform.Extensions.EventLogCollector.dll
C:\Program Files\dotnet\sdk\7.0.102\Extensions\Microsoft.TestPlatform.TestHostRuntimeProvider.dll
C:\Program Files\dotnet\sdk\7.0.102\Extensions\Microsoft.VisualStudio.TestPlatform.Extensions.Html.TestLogger.dll
C:\Program Files\dotnet\sdk\7.0.102\Extensions\Microsoft.VisualStudio.TestPlatform.Extensions.Trx.TestLogger.dll
TpTrace Verbose: 0 : 14120, 1, 2023/03/13, 21:22:14.737, 121454904510, vstest.console.dll, TestPluginCache.GetExtensionPaths: Added unfilterableExtensionPaths: 
TpTrace Verbose: 0 : 14120, 1, 2023/03/13, 21:22:14.737, 121454905868, vstest.console.dll, TestPluginCache.DiscoverTestExtensions: Discovering the extensions using allExtensionPaths: C:\Program Files\dotnet\sdk\7.0.102\Extensions\Microsoft.Diagnostics.NETCore.Client.dll
C:\Program Files\dotnet\sdk\7.0.102\Extensions\Microsoft.TestPlatform.Extensions.BlameDataCollector.dll
C:\Program Files\dotnet\sdk\7.0.102\Extensions\Microsoft.TestPlatform.Extensions.EventLogCollector.dll
C:\Program Files\dotnet\sdk\7.0.102\Extensions\Microsoft.TestPlatform.TestHostRuntimeProvider.dll
C:\Program Files\dotnet\sdk\7.0.102\Extensions\Microsoft.VisualStudio.TestPlatform.Extensions.Html.TestLogger.dll
C:\Program Files\dotnet\sdk\7.0.102\Extensions\Microsoft.VisualStudio.TestPlatform.Extensions.Trx.TestLogger.dll
TpTrace Information: 0 : 14120, 1, 2023/03/13, 21:22:14.738, 121454907754, vstest.console.dll, AssemblyResolver.AddSearchDirectories: Adding more searchDirectories C:\Program Files\dotnet\sdk\7.0.102\Extensions,C:\Program Files\dotnet\sdk\7.0.102
TpTrace Information: 0 : 14120, 1, 2023/03/13, 21:22:14.738, 121454908433, vstest.console.dll, AssemblyResolver.AddSearchDirectories: Adding more searchDirectories C:\Program Files\dotnet\sdk\7.0.102\Extensions,C:\Program Files\dotnet\sdk\7.0.102
TpTrace Information: 0 : 14120, 1, 2023/03/13, 21:22:14.738, 121454908909, vstest.console.dll, AssemblyResolver.AddSearchDirectories: Adding more searchDirectories C:\Program Files\dotnet\sdk\7.0.102\Extensions,C:\Program Files\dotnet\sdk\7.0.102
TpTrace Information: 0 : 14120, 1, 2023/03/13, 21:22:14.738, 121454909255, vstest.console.dll, AssemblyResolver.AddSearchDirectories: Adding more searchDirectories C:\Program Files\dotnet\sdk\7.0.102\Extensions,C:\Program Files\dotnet\sdk\7.0.102
TpTrace Information: 0 : 14120, 1, 2023/03/13, 21:22:14.738, 121454909585, vstest.console.dll, AssemblyResolver.AddSearchDirectories: Adding more searchDirectories C:\Program Files\dotnet\sdk\7.0.102\Extensions,C:\Program Files\dotnet\sdk\7.0.102
TpTrace Information: 0 : 14120, 1, 2023/03/13, 21:22:14.738, 121454909960, vstest.console.dll, AssemblyResolver.AddSearchDirectories: Adding more searchDirectories C:\Program Files\dotnet\sdk\7.0.102\Extensions,C:\Program Files\dotnet\sdk\7.0.102
TpTrace Information: 0 : 14120, 1, 2023/03/13, 21:22:14.738, 121454914146, vstest.console.dll, AssemblyResolver.OnResolve: Microsoft.Diagnostics.NETCore.Client: Resolving assembly.
TpTrace Information: 0 : 14120, 1, 2023/03/13, 21:22:14.738, 121454914859, vstest.console.dll, AssemblyResolver.OnResolve: Microsoft.Diagnostics.NETCore.Client: Searching in: 'C:\Program Files\dotnet\sdk\7.0.102\Extensions'.
TpTrace Information: 0 : 14120, 1, 2023/03/13, 21:22:14.748, 121455016719, vstest.console.dll, AssemblyResolver.OnResolve: Microsoft.Diagnostics.NETCore.Client: Loading assembly 'C:\Program Files\dotnet\sdk\7.0.102\Extensions\Microsoft.Diagnostics.NETCore.Client.dll'.
TpTrace Information: 0 : 14120, 1, 2023/03/13, 21:22:14.750, 121455028281, vstest.console.dll, AssemblyResolver.OnResolve: Resolved assembly: Microsoft.Diagnostics.NETCore.Client, from path: C:\Program Files\dotnet\sdk\7.0.102\Extensions\Microsoft.Diagnostics.NETCore.Client.dll
TpTrace Verbose: 0 : 14120, 1, 2023/03/13, 21:22:14.751, 121455044437, vstest.console.dll, MetadataReaderExtensionsHelper: Discovering extensions inside assembly 'Microsoft.Diagnostics.NETCore.Client, Version=0.2.6.42401, Culture=neutral, PublicKeyToken=31bf3856ad364e35' file path 'C:\Program Files\dotnet\sdk\7.0.102\Extensions\Microsoft.Diagnostics.NETCore.Client.dll'
TpTrace Information: 0 : 14120, 1, 2023/03/13, 21:22:14.758, 121455112597, vstest.console.dll, AssemblyResolver.OnResolve: Microsoft.Bcl.AsyncInterfaces: Resolving assembly.
TpTrace Information: 0 : 14120, 1, 2023/03/13, 21:22:14.758, 121455113755, vstest.console.dll, AssemblyResolver.OnResolve: Microsoft.Bcl.AsyncInterfaces: Searching in: 'C:\Program Files\dotnet\sdk\7.0.102\Extensions'.
TpTrace Information: 0 : 14120, 1, 2023/03/13, 21:22:14.758, 121455114985, vstest.console.dll, AssemblyResolver.OnResolve: Microsoft.Bcl.AsyncInterfaces: Assembly path does not exist: 'C:\Program Files\dotnet\sdk\7.0.102\Extensions\Microsoft.Bcl.AsyncInterfaces.dll', returning.
TpTrace Information: 0 : 14120, 1, 2023/03/13, 21:22:14.758, 121455116385, vstest.console.dll, AssemblyResolver.OnResolve: Microsoft.Bcl.AsyncInterfaces: Assembly path does not exist: 'C:\Program Files\dotnet\sdk\7.0.102\Extensions\Microsoft.Bcl.AsyncInterfaces.exe', returning.
TpTrace Information: 0 : 14120, 1, 2023/03/13, 21:22:14.758, 121455116854, vstest.console.dll, AssemblyResolver.OnResolve: Microsoft.Bcl.AsyncInterfaces: Searching in: 'C:\Program Files\dotnet\sdk\7.0.102'.
TpTrace Information: 0 : 14120, 1, 2023/03/13, 21:22:14.759, 121455117726, vstest.console.dll, AssemblyResolver.OnResolve: Microsoft.Bcl.AsyncInterfaces: Assembly path does not exist: 'C:\Program Files\dotnet\sdk\7.0.102\Microsoft.Bcl.AsyncInterfaces.dll', returning.
TpTrace Information: 0 : 14120, 1, 2023/03/13, 21:22:14.759, 121455118484, vstest.console.dll, AssemblyResolver.OnResolve: Microsoft.Bcl.AsyncInterfaces: Assembly path does not exist: 'C:\Program Files\dotnet\sdk\7.0.102\Microsoft.Bcl.AsyncInterfaces.exe', returning.
TpTrace Information: 0 : 14120, 1, 2023/03/13, 21:22:14.759, 121455118853, vstest.console.dll, AssemblyResolver.OnResolve: Microsoft.Bcl.AsyncInterfaces: Failed to load assembly.
TpTrace Verbose: 0 : 14120, 1, 2023/03/13, 21:22:14.759, 121455119259, vstest.console.dll, CurrentDomainAssemblyResolve: Resolving assembly 'Microsoft.Bcl.AsyncInterfaces'.
TpTrace Information: 0 : 14120, 1, 2023/03/13, 21:22:14.759, 121455119962, vstest.console.dll, AssemblyResolver.OnResolve: Microsoft.Bcl.AsyncInterfaces: Resolving assembly.
TpTrace Information: 0 : 14120, 1, 2023/03/13, 21:22:14.759, 121455120556, vstest.console.dll, AssemblyResolver.OnResolve: Microsoft.Bcl.AsyncInterfaces: Resolved from cache.
TpTrace Verbose: 0 : 14120, 1, 2023/03/13, 21:22:14.759, 121455120887, vstest.console.dll, CurrentDomainAssemblyResolve: Resolving assembly 'Microsoft.Bcl.AsyncInterfaces'.
TpTrace Verbose: 0 : 14120, 1, 2023/03/13, 21:22:14.759, 121455121313, vstest.console.dll, CurrentDomainAssemblyResolve: Failed to resolve assembly 'Microsoft.Bcl.AsyncInterfaces'.
TpTrace Verbose: 0 : 14120, 1, 2023/03/13, 21:22:14.761, 121455137878, vstest.console.dll, CurrentDomainAssemblyResolve: Failed to resolve assembly 'Microsoft.Bcl.AsyncInterfaces'.
TpTrace Warning: 0 : 14120, 1, 2023/03/13, 21:22:14.771, 121455244424, vstest.console.dll, TestPluginDiscoverer: Failed to get types from assembly 'Microsoft.Diagnostics.NETCore.Client, Version=0.2.6.42401, Culture=neutral, PublicKeyToken=31bf3856ad364e35'. Error: System.Reflection.ReflectionTypeLoadException: Unable to load one or more of the requested types.
Could not load file or assembly 'Microsoft.Bcl.AsyncInterfaces, Version=1.0.0.0, Culture=neutral, PublicKeyToken=cc7b13ffcd2ddd51'. Le fichier spécifié est introuvable.
   at System.Reflection.RuntimeModule.GetTypes(RuntimeModule module)
   at System.Reflection.Assembly.GetTypes()
   at Microsoft.VisualStudio.TestPlatform.Common.ExtensionFramework.TestPluginDiscoverer.GetTestExtensionsFromAssembly[TPluginInfo,TExtension](Assembly assembly, Dictionary`2 pluginInfos, String filePath)
System.IO.FileNotFoundException: Could not load file or assembly 'Microsoft.Bcl.AsyncInterfaces, Version=1.0.0.0, Culture=neutral, PublicKeyToken=cc7b13ffcd2ddd51'. Le fichier spécifié est introuvable.
File name: 'Microsoft.Bcl.AsyncInterfaces, Version=1.0.0.0, Culture=neutral, PublicKeyToken=cc7b13ffcd2ddd51'
 ---> System.IO.FileNotFoundException: Could not load file or assembly 'Microsoft.Bcl.AsyncInterfaces, Culture=neutral, PublicKeyToken=null'. Le fichier spécifié est introuvable.
File name: 'Microsoft.Bcl.AsyncInterfaces, Culture=neutral, PublicKeyToken=null'
   at System.Reflection.RuntimeAssembly.InternalLoad(AssemblyName assemblyName, StackCrawlMark& stackMark, AssemblyLoadContext assemblyLoadContext, RuntimeAssembly requestingAssembly, Boolean throwOnFileNotFound)
   at System.Reflection.Assembly.Load(AssemblyName assemblyRef)
   at Microsoft.VisualStudio.TestPlatform.Common.ExtensionFramework.TestPluginCache.CurrentDomainAssemblyResolve(Object sender, AssemblyResolveEventArgs args)
   at System.Runtime.Loader.AssemblyLoadContext.GetFirstResolvedAssemblyFromResolvingEvent(AssemblyName assemblyName)
   at System.Runtime.Loader.AssemblyLoadContext.ResolveUsingEvent(AssemblyName assemblyName)
   at System.Runtime.Loader.AssemblyLoadContext.ResolveUsingResolvingEvent(IntPtr gchManagedAssemblyLoadContext, AssemblyName assemblyName)
TpTrace Warning: 0 : 14120, 1, 2023/03/13, 21:22:14.772, 121455249078, vstest.console.dll, LoaderExceptions: System.IO.FileNotFoundException: Could not load file or assembly 'Microsoft.Bcl.AsyncInterfaces, Version=1.0.0.0, Culture=neutral, PublicKeyToken=cc7b13ffcd2ddd51'. Le fichier spécifié est introuvable.
File name: 'Microsoft.Bcl.AsyncInterfaces, Version=1.0.0.0, Culture=neutral, PublicKeyToken=cc7b13ffcd2ddd51'
 ---> System.IO.FileNotFoundException: Could not load file or assembly 'Microsoft.Bcl.AsyncInterfaces, Culture=neutral, PublicKeyToken=null'. Le fichier spécifié est introuvable.
File name: 'Microsoft.Bcl.AsyncInterfaces, Culture=neutral, PublicKeyToken=null'
   at System.Reflection.RuntimeAssembly.InternalLoad(AssemblyName assemblyName, StackCrawlMark& stackMark, AssemblyLoadContext assemblyLoadContext, RuntimeAssembly requestingAssembly, Boolean throwOnFileNotFound)
   at System.Reflection.Assembly.Load(AssemblyName assemblyRef)
   at Microsoft.VisualStudio.TestPlatform.Common.ExtensionFramework.TestPluginCache.CurrentDomainAssemblyResolve(Object sender, AssemblyResolveEventArgs args)
   at System.Runtime.Loader.AssemblyLoadContext.GetFirstResolvedAssemblyFromResolvingEvent(AssemblyName assemblyName)
   at System.Runtime.Loader.AssemblyLoadContext.ResolveUsingEvent(AssemblyName assemblyName)
   at System.Runtime.Loader.AssemblyLoadContext.ResolveUsingResolvingEvent(IntPtr gchManagedAssemblyLoadContext, AssemblyName assemblyName)
TpTrace Information: 0 : 14120, 1, 2023/03/13, 21:22:14.772, 121455251111, vstest.console.dll, AssemblyResolver.OnResolve: Microsoft.TestPlatform.Extensions.BlameDataCollector: Resolving assembly.
TpTrace Information: 0 : 14120, 1, 2023/03/13, 21:22:14.772, 121455251635, vstest.console.dll, AssemblyResolver.OnResolve: Microsoft.TestPlatform.Extensions.BlameDataCollector: Searching in: 'C:\Program Files\dotnet\sdk\7.0.102\Extensions'.
TpTrace Information: 0 : 14120, 1, 2023/03/13, 21:22:14.773, 121455258428, vstest.console.dll, AssemblyResolver.OnResolve: Microsoft.TestPlatform.Extensions.BlameDataCollector: Loading assembly 'C:\Program Files\dotnet\sdk\7.0.102\Extensions\Microsoft.TestPlatform.Extensions.BlameDataCollector.dll'.
TpTrace Information: 0 : 14120, 1, 2023/03/13, 21:22:14.773, 121455265801, vstest.console.dll, AssemblyResolver.OnResolve: Resolved assembly: Microsoft.TestPlatform.Extensions.BlameDataCollector, from path: C:\Program Files\dotnet\sdk\7.0.102\Extensions\Microsoft.TestPlatform.Extensions.BlameDataCollector.dll
TpTrace Verbose: 0 : 14120, 1, 2023/03/13, 21:22:14.773, 121455267172, vstest.console.dll, MetadataReaderExtensionsHelper: Discovering extensions inside assembly 'Microsoft.TestPlatform.Extensions.BlameDataCollector, Version=15.0.0.0, Culture=neutral, PublicKeyToken=b03f5f7f11d50a3a' file path 'C:\Program Files\dotnet\sdk\7.0.102\Extensions\Microsoft.TestPlatform.Extensions.BlameDataCollector.dll'
TpTrace Information: 0 : 14120, 1, 2023/03/13, 21:22:14.776, 121455289112, vstest.console.dll, AssemblyResolver.OnResolve: Microsoft.TestPlatform.Extensions.EventLogCollector: Resolving assembly.
TpTrace Information: 0 : 14120, 1, 2023/03/13, 21:22:14.776, 121455290144, vstest.console.dll, AssemblyResolver.OnResolve: Microsoft.TestPlatform.Extensions.EventLogCollector: Searching in: 'C:\Program Files\dotnet\sdk\7.0.102\Extensions'.
TpTrace Information: 0 : 14120, 1, 2023/03/13, 21:22:14.776, 121455297153, vstest.console.dll, AssemblyResolver.OnResolve: Microsoft.TestPlatform.Extensions.EventLogCollector: Loading assembly 'C:\Program Files\dotnet\sdk\7.0.102\Extensions\Microsoft.TestPlatform.Extensions.EventLogCollector.dll'.
TpTrace Information: 0 : 14120, 1, 2023/03/13, 21:22:14.777, 121455304078, vstest.console.dll, AssemblyResolver.OnResolve: Resolved assembly: Microsoft.TestPlatform.Extensions.EventLogCollector, from path: C:\Program Files\dotnet\sdk\7.0.102\Extensions\Microsoft.TestPlatform.Extensions.EventLogCollector.dll
TpTrace Verbose: 0 : 14120, 1, 2023/03/13, 21:22:14.777, 121455305131, vstest.console.dll, MetadataReaderExtensionsHelper: Discovering extensions inside assembly 'Microsoft.TestPlatform.Extensions.EventLogCollector, Version=15.0.0.0, Culture=neutral, PublicKeyToken=b03f5f7f11d50a3a' file path 'C:\Program Files\dotnet\sdk\7.0.102\Extensions\Microsoft.TestPlatform.Extensions.EventLogCollector.dll'
TpTrace Information: 0 : 14120, 1, 2023/03/13, 21:22:14.781, 121455341359, vstest.console.dll, AssemblyResolver.OnResolve: Microsoft.TestPlatform.TestHostRuntimeProvider: Resolving assembly.
TpTrace Information: 0 : 14120, 1, 2023/03/13, 21:22:14.781, 121455342633, vstest.console.dll, AssemblyResolver.OnResolve: Microsoft.TestPlatform.TestHostRuntimeProvider: Searching in: 'C:\Program Files\dotnet\sdk\7.0.102\Extensions'.
TpTrace Information: 0 : 14120, 1, 2023/03/13, 21:22:14.782, 121455349414, vstest.console.dll, AssemblyResolver.OnResolve: Microsoft.TestPlatform.TestHostRuntimeProvider: Loading assembly 'C:\Program Files\dotnet\sdk\7.0.102\Extensions\Microsoft.TestPlatform.TestHostRuntimeProvider.dll'.
TpTrace Information: 0 : 14120, 1, 2023/03/13, 21:22:14.782, 121455356401, vstest.console.dll, AssemblyResolver.OnResolve: Resolved assembly: Microsoft.TestPlatform.TestHostRuntimeProvider, from path: C:\Program Files\dotnet\sdk\7.0.102\Extensions\Microsoft.TestPlatform.TestHostRuntimeProvider.dll
TpTrace Verbose: 0 : 14120, 1, 2023/03/13, 21:22:14.782, 121455357512, vstest.console.dll, MetadataReaderExtensionsHelper: Discovering extensions inside assembly 'Microsoft.TestPlatform.TestHostRuntimeProvider, Version=15.0.0.0, Culture=neutral, PublicKeyToken=b03f5f7f11d50a3a' file path 'C:\Program Files\dotnet\sdk\7.0.102\Extensions\Microsoft.TestPlatform.TestHostRuntimeProvider.dll'
TpTrace Information: 0 : 14120, 1, 2023/03/13, 21:22:14.785, 121455382072, vstest.console.dll, GetTestExtensionFromType: Register extension with identifier data 'HostProvider://DefaultTestHost' and type 'Microsoft.VisualStudio.TestPlatform.CrossPlatEngine.Hosting.DefaultTestHostManager, Microsoft.TestPlatform.TestHostRuntimeProvider, Version=15.0.0.0, Culture=neutral, PublicKeyToken=b03f5f7f11d50a3a' inside file 'C:\Program Files\dotnet\sdk\7.0.102\Extensions\Microsoft.TestPlatform.TestHostRuntimeProvider.dll'
TpTrace Information: 0 : 14120, 1, 2023/03/13, 21:22:14.785, 121455385294, vstest.console.dll, GetTestExtensionFromType: Register extension with identifier data 'HostProvider://DotnetTestHost' and type 'Microsoft.VisualStudio.TestPlatform.CrossPlatEngine.Hosting.DotnetTestHostManager, Microsoft.TestPlatform.TestHostRuntimeProvider, Version=15.0.0.0, Culture=neutral, PublicKeyToken=b03f5f7f11d50a3a' inside file 'C:\Program Files\dotnet\sdk\7.0.102\Extensions\Microsoft.TestPlatform.TestHostRuntimeProvider.dll'
TpTrace Information: 0 : 14120, 1, 2023/03/13, 21:22:14.785, 121455386276, vstest.console.dll, AssemblyResolver.OnResolve: Microsoft.VisualStudio.TestPlatform.Extensions.Html.TestLogger: Resolving assembly.
TpTrace Information: 0 : 14120, 1, 2023/03/13, 21:22:14.785, 121455386697, vstest.console.dll, AssemblyResolver.OnResolve: Microsoft.VisualStudio.TestPlatform.Extensions.Html.TestLogger: Searching in: 'C:\Program Files\dotnet\sdk\7.0.102\Extensions'.
TpTrace Information: 0 : 14120, 1, 2023/03/13, 21:22:14.786, 121455393160, vstest.console.dll, AssemblyResolver.OnResolve: Microsoft.VisualStudio.TestPlatform.Extensions.Html.TestLogger: Loading assembly 'C:\Program Files\dotnet\sdk\7.0.102\Extensions\Microsoft.VisualStudio.TestPlatform.Extensions.Html.TestLogger.dll'.
TpTrace Information: 0 : 14120, 1, 2023/03/13, 21:22:14.787, 121455399524, vstest.console.dll, AssemblyResolver.OnResolve: Resolved assembly: Microsoft.VisualStudio.TestPlatform.Extensions.Html.TestLogger, from path: C:\Program Files\dotnet\sdk\7.0.102\Extensions\Microsoft.VisualStudio.TestPlatform.Extensions.Html.TestLogger.dll
TpTrace Verbose: 0 : 14120, 1, 2023/03/13, 21:22:14.787, 121455401252, vstest.console.dll, MetadataReaderExtensionsHelper: Discovering extensions inside assembly 'Microsoft.VisualStudio.TestPlatform.Extensions.Html.TestLogger, Version=15.0.0.0, Culture=neutral, PublicKeyToken=b03f5f7f11d50a3a' file path 'C:\Program Files\dotnet\sdk\7.0.102\Extensions\Microsoft.VisualStudio.TestPlatform.Extensions.Html.TestLogger.dll'
TpTrace Information: 0 : 14120, 1, 2023/03/13, 21:22:14.788, 121455414304, vstest.console.dll, AssemblyResolver.OnResolve: Microsoft.VisualStudio.TestPlatform.Extensions.Trx.TestLogger: Resolving assembly.
TpTrace Information: 0 : 14120, 1, 2023/03/13, 21:22:14.788, 121455415309, vstest.console.dll, AssemblyResolver.OnResolve: Microsoft.VisualStudio.TestPlatform.Extensions.Trx.TestLogger: Searching in: 'C:\Program Files\dotnet\sdk\7.0.102\Extensions'.
TpTrace Information: 0 : 14120, 1, 2023/03/13, 21:22:14.789, 121455421516, vstest.console.dll, AssemblyResolver.OnResolve: Microsoft.VisualStudio.TestPlatform.Extensions.Trx.TestLogger: Loading assembly 'C:\Program Files\dotnet\sdk\7.0.102\Extensions\Microsoft.VisualStudio.TestPlatform.Extensions.Trx.TestLogger.dll'.
TpTrace Information: 0 : 14120, 1, 2023/03/13, 21:22:14.790, 121455429565, vstest.console.dll, AssemblyResolver.OnResolve: Resolved assembly: Microsoft.VisualStudio.TestPlatform.Extensions.Trx.TestLogger, from path: C:\Program Files\dotnet\sdk\7.0.102\Extensions\Microsoft.VisualStudio.TestPlatform.Extensions.Trx.TestLogger.dll
TpTrace Verbose: 0 : 14120, 1, 2023/03/13, 21:22:14.790, 121455431153, vstest.console.dll, MetadataReaderExtensionsHelper: Discovering extensions inside assembly 'Microsoft.VisualStudio.TestPlatform.Extensions.Trx.TestLogger, Version=15.0.0.0, Culture=neutral, PublicKeyToken=b03f5f7f11d50a3a' file path 'C:\Program Files\dotnet\sdk\7.0.102\Extensions\Microsoft.VisualStudio.TestPlatform.Extensions.Trx.TestLogger.dll'
TpTrace Verbose: 0 : 14120, 1, 2023/03/13, 21:22:14.792, 121455450236, vstest.console.dll, TestPluginCache: Discovered the extensions using extension path ''.
TpTrace Verbose: 0 : 14120, 1, 2023/03/13, 21:22:14.792, 121455451427, vstest.console.dll, TestPluginCache: Discoverers are ''.
TpTrace Verbose: 0 : 14120, 1, 2023/03/13, 21:22:14.792, 121455451848, vstest.console.dll, TestPluginCache: Executors are ''.
TpTrace Verbose: 0 : 14120, 1, 2023/03/13, 21:22:14.792, 121455452179, vstest.console.dll, TestPluginCache: Executors2 are ''.
TpTrace Verbose: 0 : 14120, 1, 2023/03/13, 21:22:14.792, 121455452474, vstest.console.dll, TestPluginCache: Setting providers are ''.
TpTrace Verbose: 0 : 14120, 1, 2023/03/13, 21:22:14.792, 121455452765, vstest.console.dll, TestPluginCache: Loggers are ''.
TpTrace Verbose: 0 : 14120, 1, 2023/03/13, 21:22:14.792, 121455454336, vstest.console.dll, TestPluginCache: TestHosts are 'HostProvider://DefaultTestHost,HostProvider://DotnetTestHost'.
TpTrace Verbose: 0 : 14120, 1, 2023/03/13, 21:22:14.792, 121455454823, vstest.console.dll, TestPluginCache: DataCollectors are ''.
TpTrace Information: 0 : 14120, 1, 2023/03/13, 21:22:14.806, 121455590700, vstest.console.dll, RunTestsArgumentProcessor:Execute: Test run is starting.
TpTrace Verbose: 0 : 14120, 1, 2023/03/13, 21:22:14.806, 121455592786, vstest.console.dll, RunTestsArgumentProcessor:Execute: Queuing Test run.
TpTrace Information: 0 : 14120, 1, 2023/03/13, 21:22:14.806, 121455596471, vstest.console.dll, TestRequestManager.RunTests: run tests started.
TpTrace Information: 0 : 14120, 1, 2023/03/13, 21:22:14.809, 121455619660, vstest.console.dll, AssemblyMetadataProvider.GetFrameworkName: Determined framework:'.NETCoreApp,Version=v6.0' for source: 'C:\Users\zacha\source\repos\bibliotheque-da2012487-semaine8\TestPersonne\bin\Debug\net6.0\fine-code-coverage\build-output\TestPersonne.dll'
TpTrace Information: 0 : 14120, 1, 2023/03/13, 21:22:14.809, 121455624714, vstest.console.dll, Determined framework for all sources: .NETCoreApp,Version=v6.0
TpTrace Verbose: 0 : 14120, 1, 2023/03/13, 21:22:14.811, 121455642236, vstest.console.dll, TestRequestManager.UpdateRunSettingsIfRequired: Default architecture: X64 IsDefaultTargetArchitecture: True, Current process architecture: X64 OperatingSystem: Windows.
TpTrace Information: 0 : 14120, 1, 2023/03/13, 21:22:14.814, 121455669777, vstest.console.dll, AssemblyMetadataProvider.GetArchitecture: Determined architecture:AnyCPU info for assembly: C:\Users\zacha\source\repos\bibliotheque-da2012487-semaine8\TestPersonne\bin\Debug\net6.0\fine-code-coverage\build-output\TestPersonne.dll
TpTrace Information: 0 : 14120, 1, 2023/03/13, 21:22:14.814, 121455670891, vstest.console.dll, Determined platform for source 'C:\Users\zacha\source\repos\bibliotheque-da2012487-semaine8\TestPersonne\bin\Debug\net6.0\fine-code-coverage\build-output\TestPersonne.dll' was AnyCPU and it will use the default plaform X64.
TpTrace Information: 0 : 14120, 1, 2023/03/13, 21:22:14.814, 121455671380, vstest.console.dll, None of the sources provided any runnable platform, using the default platform: X64
TpTrace Information: 0 : 14120, 1, 2023/03/13, 21:22:14.814, 121455672687, vstest.console.dll, Platform was updated to 'X64'.
TpTrace Information: 0 : 14120, 1, 2023/03/13, 21:22:14.819, 121455720664, vstest.console.dll, InferRunSettingsHelper.IsTestSettingsEnabled: Unable to navigate to RunSettings/MSTest. Current node: RunSettings
TpTrace Information: 0 : 14120, 1, 2023/03/13, 21:22:14.821, 121455740021, vstest.console.dll, AssemblyResolver.OnResolve: Microsoft.VisualStudio.TestPlatform.Fakes: Resolving assembly.
TpTrace Information: 0 : 14120, 1, 2023/03/13, 21:22:14.821, 121455741236, vstest.console.dll, AssemblyResolver.OnResolve: Microsoft.VisualStudio.TestPlatform.Fakes: Searching in: 'C:\Program Files\dotnet\sdk\7.0.102\Extensions'.
TpTrace Information: 0 : 14120, 1, 2023/03/13, 21:22:14.821, 121455742950, vstest.console.dll, AssemblyResolver.OnResolve: Microsoft.VisualStudio.TestPlatform.Fakes: Assembly path does not exist: 'C:\Program Files\dotnet\sdk\7.0.102\Extensions\Microsoft.VisualStudio.TestPlatform.Fakes.dll', returning.
TpTrace Information: 0 : 14120, 1, 2023/03/13, 21:22:14.821, 121455744341, vstest.console.dll, AssemblyResolver.OnResolve: Microsoft.VisualStudio.TestPlatform.Fakes: Assembly path does not exist: 'C:\Program Files\dotnet\sdk\7.0.102\Extensions\Microsoft.VisualStudio.TestPlatform.Fakes.exe', returning.
TpTrace Information: 0 : 14120, 1, 2023/03/13, 21:22:14.821, 121455744927, vstest.console.dll, AssemblyResolver.OnResolve: Microsoft.VisualStudio.TestPlatform.Fakes: Searching in: 'C:\Program Files\dotnet\sdk\7.0.102'.
TpTrace Information: 0 : 14120, 1, 2023/03/13, 21:22:14.821, 121455745855, vstest.console.dll, AssemblyResolver.OnResolve: Microsoft.VisualStudio.TestPlatform.Fakes: Assembly path does not exist: 'C:\Program Files\dotnet\sdk\7.0.102\Microsoft.VisualStudio.TestPlatform.Fakes.dll', returning.
TpTrace Information: 0 : 14120, 1, 2023/03/13, 21:22:14.821, 121455746818, vstest.console.dll, AssemblyResolver.OnResolve: Microsoft.VisualStudio.TestPlatform.Fakes: Assembly path does not exist: 'C:\Program Files\dotnet\sdk\7.0.102\Microsoft.VisualStudio.TestPlatform.Fakes.exe', returning.
TpTrace Information: 0 : 14120, 1, 2023/03/13, 21:22:14.821, 121455747231, vstest.console.dll, AssemblyResolver.OnResolve: Microsoft.VisualStudio.TestPlatform.Fakes: Failed to load assembly.
TpTrace Information: 0 : 14120, 1, 2023/03/13, 21:22:14.822, 121455751115, vstest.console.dll, Failed to load assembly Microsoft.VisualStudio.TestPlatform.Fakes, Version=17.0.0.0, Culture=neutral. Reason:System.IO.FileNotFoundException: Could not load file or assembly 'Microsoft.VisualStudio.TestPlatform.Fakes, Version=17.0.0.0, Culture=neutral, PublicKeyToken=null'. Le fichier spécifié est introuvable.
File name: 'Microsoft.VisualStudio.TestPlatform.Fakes, Version=17.0.0.0, Culture=neutral, PublicKeyToken=null'
   at System.Reflection.RuntimeAssembly.InternalLoad(AssemblyName assemblyName, StackCrawlMark& stackMark, AssemblyLoadContext assemblyLoadContext, RuntimeAssembly requestingAssembly, Boolean throwOnFileNotFound)
   at System.Reflection.Assembly.Load(AssemblyName assemblyRef)
   at Microsoft.VisualStudio.TestPlatform.Common.Utilities.FakesUtilities.LoadTestPlatformAssembly()
TpTrace Verbose: 0 : 14120, 1, 2023/03/13, 21:22:14.830, 121455831272, vstest.console.dll, TestPluginCache.DiscoverTestExtensions: finding test extensions in assemblies ends with: TestLogger.dll TPluginInfo: Microsoft.VisualStudio.TestPlatform.Common.ExtensionFramework.Utilities.TestLoggerPluginInformation TExtension: Microsoft.VisualStudio.TestPlatform.ObjectModel.Client.ITestLogger
TpTrace Verbose: 0 : 14120, 1, 2023/03/13, 21:22:14.830, 121455833440, vstest.console.dll, TestPluginCache.GetExtensionPaths: Filtered extension paths: 
TpTrace Verbose: 0 : 14120, 1, 2023/03/13, 21:22:14.830, 121455835321, vstest.console.dll, TestPluginCache.GetExtensionPaths: Added default extension paths: C:\Program Files\dotnet\sdk\7.0.102\Extensions\Microsoft.Diagnostics.NETCore.Client.dll
C:\Program Files\dotnet\sdk\7.0.102\Extensions\Microsoft.TestPlatform.Extensions.BlameDataCollector.dll
C:\Program Files\dotnet\sdk\7.0.102\Extensions\Microsoft.TestPlatform.Extensions.EventLogCollector.dll
C:\Program Files\dotnet\sdk\7.0.102\Extensions\Microsoft.TestPlatform.TestHostRuntimeProvider.dll
C:\Program Files\dotnet\sdk\7.0.102\Extensions\Microsoft.VisualStudio.TestPlatform.Extensions.Html.TestLogger.dll
C:\Program Files\dotnet\sdk\7.0.102\Extensions\Microsoft.VisualStudio.TestPlatform.Extensions.Trx.TestLogger.dll
TpTrace Verbose: 0 : 14120, 1, 2023/03/13, 21:22:14.830, 121455836331, vstest.console.dll, TestPluginCache.GetExtensionPaths: Added unfilterableExtensionPaths: 
TpTrace Information: 0 : 14120, 1, 2023/03/13, 21:22:14.831, 121455839343, vstest.console.dll, AssemblyResolver.AddSearchDirectories: Adding more searchDirectories C:\Program Files\dotnet\sdk\7.0.102\Extensions,C:\Program Files\dotnet\sdk\7.0.102
TpTrace Verbose: 0 : 14120, 1, 2023/03/13, 21:22:14.831, 121455840382, vstest.console.dll, TestPluginCache.DiscoverTestExtensions: Discovering the extensions using extension path.
TpTrace Verbose: 0 : 14120, 1, 2023/03/13, 21:22:14.831, 121455841156, vstest.console.dll, TestPluginCache.GetExtensionPaths: Filtered extension paths: 
TpTrace Verbose: 0 : 14120, 1, 2023/03/13, 21:22:14.831, 121455841767, vstest.console.dll, TestPluginCache.GetExtensionPaths: Added default extension paths: C:\Program Files\dotnet\sdk\7.0.102\Extensions\Microsoft.Diagnostics.NETCore.Client.dll
C:\Program Files\dotnet\sdk\7.0.102\Extensions\Microsoft.TestPlatform.Extensions.BlameDataCollector.dll
C:\Program Files\dotnet\sdk\7.0.102\Extensions\Microsoft.TestPlatform.Extensions.EventLogCollector.dll
C:\Program Files\dotnet\sdk\7.0.102\Extensions\Microsoft.TestPlatform.TestHostRuntimeProvider.dll
C:\Program Files\dotnet\sdk\7.0.102\Extensions\Microsoft.VisualStudio.TestPlatform.Extensions.Html.TestLogger.dll
C:\Program Files\dotnet\sdk\7.0.102\Extensions\Microsoft.VisualStudio.TestPlatform.Extensions.Trx.TestLogger.dll
TpTrace Verbose: 0 : 14120, 1, 2023/03/13, 21:22:14.831, 121455842353, vstest.console.dll, TestPluginCache.GetExtensionPaths: Added unfilterableExtensionPaths: 
TpTrace Verbose: 0 : 14120, 1, 2023/03/13, 21:22:14.831, 121455843027, vstest.console.dll, TestPluginCache.DiscoverTestExtensions: Discovering the extensions using allExtensionPaths: C:\Program Files\dotnet\sdk\7.0.102\Extensions\Microsoft.Diagnostics.NETCore.Client.dll
C:\Program Files\dotnet\sdk\7.0.102\Extensions\Microsoft.TestPlatform.Extensions.BlameDataCollector.dll
C:\Program Files\dotnet\sdk\7.0.102\Extensions\Microsoft.TestPlatform.Extensions.EventLogCollector.dll
C:\Program Files\dotnet\sdk\7.0.102\Extensions\Microsoft.TestPlatform.TestHostRuntimeProvider.dll
C:\Program Files\dotnet\sdk\7.0.102\Extensions\Microsoft.VisualStudio.TestPlatform.Extensions.Html.TestLogger.dll
C:\Program Files\dotnet\sdk\7.0.102\Extensions\Microsoft.VisualStudio.TestPlatform.Extensions.Trx.TestLogger.dll
TpTrace Information: 0 : 14120, 1, 2023/03/13, 21:22:14.831, 121455844088, vstest.console.dll, AssemblyResolver.AddSearchDirectories: Adding more searchDirectories C:\Program Files\dotnet\sdk\7.0.102\Extensions,C:\Program Files\dotnet\sdk\7.0.102
TpTrace Information: 0 : 14120, 1, 2023/03/13, 21:22:14.831, 121455844874, vstest.console.dll, AssemblyResolver.AddSearchDirectories: Adding more searchDirectories C:\Program Files\dotnet\sdk\7.0.102\Extensions,C:\Program Files\dotnet\sdk\7.0.102
TpTrace Information: 0 : 14120, 1, 2023/03/13, 21:22:14.831, 121455845470, vstest.console.dll, AssemblyResolver.AddSearchDirectories: Adding more searchDirectories C:\Program Files\dotnet\sdk\7.0.102\Extensions,C:\Program Files\dotnet\sdk\7.0.102
TpTrace Information: 0 : 14120, 1, 2023/03/13, 21:22:14.831, 121455846029, vstest.console.dll, AssemblyResolver.AddSearchDirectories: Adding more searchDirectories C:\Program Files\dotnet\sdk\7.0.102\Extensions,C:\Program Files\dotnet\sdk\7.0.102
TpTrace Information: 0 : 14120, 1, 2023/03/13, 21:22:14.831, 121455846589, vstest.console.dll, AssemblyResolver.AddSearchDirectories: Adding more searchDirectories C:\Program Files\dotnet\sdk\7.0.102\Extensions,C:\Program Files\dotnet\sdk\7.0.102
TpTrace Information: 0 : 14120, 1, 2023/03/13, 21:22:14.831, 121455847178, vstest.console.dll, AssemblyResolver.AddSearchDirectories: Adding more searchDirectories C:\Program Files\dotnet\sdk\7.0.102\Extensions,C:\Program Files\dotnet\sdk\7.0.102
TpTrace Verbose: 0 : 14120, 1, 2023/03/13, 21:22:14.832, 121455849304, vstest.console.dll, MetadataReaderExtensionsHelper: Discovering extensions inside assembly 'Microsoft.Diagnostics.NETCore.Client, Version=0.2.6.42401, Culture=neutral, PublicKeyToken=31bf3856ad364e35' file path 'C:\Program Files\dotnet\sdk\7.0.102\Extensions\Microsoft.Diagnostics.NETCore.Client.dll'
TpTrace Information: 0 : 14120, 1, 2023/03/13, 21:22:14.833, 121455862034, vstest.console.dll, AssemblyResolver.OnResolve: Microsoft.Bcl.AsyncInterfaces: Resolving assembly.
TpTrace Information: 0 : 14120, 1, 2023/03/13, 21:22:14.833, 121455863485, vstest.console.dll, AssemblyResolver.OnResolve: Microsoft.Bcl.AsyncInterfaces: Resolved from cache.
TpTrace Verbose: 0 : 14120, 1, 2023/03/13, 21:22:14.833, 121455864451, vstest.console.dll, CurrentDomainAssemblyResolve: Resolving assembly 'Microsoft.Bcl.AsyncInterfaces'.
TpTrace Information: 0 : 14120, 1, 2023/03/13, 21:22:14.833, 121455865409, vstest.console.dll, AssemblyResolver.OnResolve: Microsoft.Bcl.AsyncInterfaces: Resolving assembly.
TpTrace Information: 0 : 14120, 1, 2023/03/13, 21:22:14.833, 121455865946, vstest.console.dll, AssemblyResolver.OnResolve: Microsoft.Bcl.AsyncInterfaces: Resolved from cache.
TpTrace Verbose: 0 : 14120, 1, 2023/03/13, 21:22:14.833, 121455866285, vstest.console.dll, CurrentDomainAssemblyResolve: Resolving assembly 'Microsoft.Bcl.AsyncInterfaces'.
TpTrace Verbose: 0 : 14120, 1, 2023/03/13, 21:22:14.833, 121455866605, vstest.console.dll, CurrentDomainAssemblyResolve: Failed to resolve assembly 'Microsoft.Bcl.AsyncInterfaces'.
TpTrace Verbose: 0 : 14120, 1, 2023/03/13, 21:22:14.834, 121455869087, vstest.console.dll, CurrentDomainAssemblyResolve: Failed to resolve assembly 'Microsoft.Bcl.AsyncInterfaces'.
TpTrace Warning: 0 : 14120, 1, 2023/03/13, 21:22:14.834, 121455875598, vstest.console.dll, TestPluginDiscoverer: Failed to get types from assembly 'Microsoft.Diagnostics.NETCore.Client, Version=0.2.6.42401, Culture=neutral, PublicKeyToken=31bf3856ad364e35'. Error: System.Reflection.ReflectionTypeLoadException: Unable to load one or more of the requested types.
Could not load file or assembly 'Microsoft.Bcl.AsyncInterfaces, Version=1.0.0.0, Culture=neutral, PublicKeyToken=cc7b13ffcd2ddd51'. Le fichier spécifié est introuvable.
   at System.Reflection.RuntimeModule.GetTypes(RuntimeModule module)
   at System.Reflection.Assembly.GetTypes()
   at Microsoft.VisualStudio.TestPlatform.Common.ExtensionFramework.TestPluginDiscoverer.GetTestExtensionsFromAssembly[TPluginInfo,TExtension](Assembly assembly, Dictionary`2 pluginInfos, String filePath)
System.IO.FileNotFoundException: Could not load file or assembly 'Microsoft.Bcl.AsyncInterfaces, Version=1.0.0.0, Culture=neutral, PublicKeyToken=cc7b13ffcd2ddd51'. Le fichier spécifié est introuvable.
File name: 'Microsoft.Bcl.AsyncInterfaces, Version=1.0.0.0, Culture=neutral, PublicKeyToken=cc7b13ffcd2ddd51'
 ---> System.IO.FileNotFoundException: Could not load file or assembly 'Microsoft.Bcl.AsyncInterfaces, Culture=neutral, PublicKeyToken=null'. Le fichier spécifié est introuvable.
File name: 'Microsoft.Bcl.AsyncInterfaces, Culture=neutral, PublicKeyToken=null'
   at System.Reflection.RuntimeAssembly.InternalLoad(AssemblyName assemblyName, StackCrawlMark& stackMark, AssemblyLoadContext assemblyLoadContext, RuntimeAssembly requestingAssembly, Boolean throwOnFileNotFound)
   at System.Reflection.Assembly.Load(AssemblyName assemblyRef)
   at Microsoft.VisualStudio.TestPlatform.Common.ExtensionFramework.TestPluginCache.CurrentDomainAssemblyResolve(Object sender, AssemblyResolveEventArgs args)
   at System.Runtime.Loader.AssemblyLoadContext.GetFirstResolvedAssemblyFromResolvingEvent(AssemblyName assemblyName)
   at System.Runtime.Loader.AssemblyLoadContext.ResolveUsingEvent(AssemblyName assemblyName)
   at System.Runtime.Loader.AssemblyLoadContext.ResolveUsingResolvingEvent(IntPtr gchManagedAssemblyLoadContext, AssemblyName assemblyName)
TpTrace Warning: 0 : 14120, 1, 2023/03/13, 21:22:14.835, 121455878574, vstest.console.dll, LoaderExceptions: System.IO.FileNotFoundException: Could not load file or assembly 'Microsoft.Bcl.AsyncInterfaces, Version=1.0.0.0, Culture=neutral, PublicKeyToken=cc7b13ffcd2ddd51'. Le fichier spécifié est introuvable.
File name: 'Microsoft.Bcl.AsyncInterfaces, Version=1.0.0.0, Culture=neutral, PublicKeyToken=cc7b13ffcd2ddd51'
 ---> System.IO.FileNotFoundException: Could not load file or assembly 'Microsoft.Bcl.AsyncInterfaces, Culture=neutral, PublicKeyToken=null'. Le fichier spécifié est introuvable.
File name: 'Microsoft.Bcl.AsyncInterfaces, Culture=neutral, PublicKeyToken=null'
   at System.Reflection.RuntimeAssembly.InternalLoad(AssemblyName assemblyName, StackCrawlMark& stackMark, AssemblyLoadContext assemblyLoadContext, RuntimeAssembly requestingAssembly, Boolean throwOnFileNotFound)
   at System.Reflection.Assembly.Load(AssemblyName assemblyRef)
   at Microsoft.VisualStudio.TestPlatform.Common.ExtensionFramework.TestPluginCache.CurrentDomainAssemblyResolve(Object sender, AssemblyResolveEventArgs args)
   at System.Runtime.Loader.AssemblyLoadContext.GetFirstResolvedAssemblyFromResolvingEvent(AssemblyName assemblyName)
   at System.Runtime.Loader.AssemblyLoadContext.ResolveUsingEvent(AssemblyName assemblyName)
   at System.Runtime.Loader.AssemblyLoadContext.ResolveUsingResolvingEvent(IntPtr gchManagedAssemblyLoadContext, AssemblyName assemblyName)
TpTrace Verbose: 0 : 14120, 1, 2023/03/13, 21:22:14.835, 121455880476, vstest.console.dll, MetadataReaderExtensionsHelper: Discovering extensions inside assembly 'Microsoft.TestPlatform.Extensions.BlameDataCollector, Version=15.0.0.0, Culture=neutral, PublicKeyToken=b03f5f7f11d50a3a' file path 'C:\Program Files\dotnet\sdk\7.0.102\Extensions\Microsoft.TestPlatform.Extensions.BlameDataCollector.dll'
TpTrace Information: 0 : 14120, 1, 2023/03/13, 21:22:14.836, 121455894028, vstest.console.dll, GetTestExtensionFromType: Register extension with identifier data 'logger://Microsoft/TestPlatform/Extensions/Blame/v1' and type 'Microsoft.TestPlatform.Extensions.BlameDataCollector.BlameLogger, Microsoft.TestPlatform.Extensions.BlameDataCollector, Version=15.0.0.0, Culture=neutral, PublicKeyToken=b03f5f7f11d50a3a' inside file 'C:\Program Files\dotnet\sdk\7.0.102\Extensions\Microsoft.TestPlatform.Extensions.BlameDataCollector.dll'
TpTrace Verbose: 0 : 14120, 1, 2023/03/13, 21:22:14.836, 121455896534, vstest.console.dll, MetadataReaderExtensionsHelper: Discovering extensions inside assembly 'Microsoft.TestPlatform.Extensions.EventLogCollector, Version=15.0.0.0, Culture=neutral, PublicKeyToken=b03f5f7f11d50a3a' file path 'C:\Program Files\dotnet\sdk\7.0.102\Extensions\Microsoft.TestPlatform.Extensions.EventLogCollector.dll'
TpTrace Verbose: 0 : 14120, 1, 2023/03/13, 21:22:14.837, 121455905500, vstest.console.dll, MetadataReaderExtensionsHelper: Discovering extensions inside assembly 'Microsoft.TestPlatform.TestHostRuntimeProvider, Version=15.0.0.0, Culture=neutral, PublicKeyToken=b03f5f7f11d50a3a' file path 'C:\Program Files\dotnet\sdk\7.0.102\Extensions\Microsoft.TestPlatform.TestHostRuntimeProvider.dll'
TpTrace Verbose: 0 : 14120, 1, 2023/03/13, 21:22:14.838, 121455914343, vstest.console.dll, MetadataReaderExtensionsHelper: Discovering extensions inside assembly 'Microsoft.VisualStudio.TestPlatform.Extensions.Html.TestLogger, Version=15.0.0.0, Culture=neutral, PublicKeyToken=b03f5f7f11d50a3a' file path 'C:\Program Files\dotnet\sdk\7.0.102\Extensions\Microsoft.VisualStudio.TestPlatform.Extensions.Html.TestLogger.dll'
TpTrace Information: 0 : 14120, 1, 2023/03/13, 21:22:14.839, 121455925931, vstest.console.dll, GetTestExtensionFromType: Register extension with identifier data 'logger://Microsoft/TestPlatform/HtmlLogger/v1' and type 'Microsoft.VisualStudio.TestPlatform.Extensions.HtmlLogger.HtmlLogger, Microsoft.VisualStudio.TestPlatform.Extensions.Html.TestLogger, Version=15.0.0.0, Culture=neutral, PublicKeyToken=b03f5f7f11d50a3a' inside file 'C:\Program Files\dotnet\sdk\7.0.102\Extensions\Microsoft.VisualStudio.TestPlatform.Extensions.Html.TestLogger.dll'
TpTrace Verbose: 0 : 14120, 1, 2023/03/13, 21:22:14.840, 121455927607, vstest.console.dll, MetadataReaderExtensionsHelper: Discovering extensions inside assembly 'Microsoft.VisualStudio.TestPlatform.Extensions.Trx.TestLogger, Version=15.0.0.0, Culture=neutral, PublicKeyToken=b03f5f7f11d50a3a' file path 'C:\Program Files\dotnet\sdk\7.0.102\Extensions\Microsoft.VisualStudio.TestPlatform.Extensions.Trx.TestLogger.dll'
TpTrace Information: 0 : 14120, 1, 2023/03/13, 21:22:14.841, 121455942316, vstest.console.dll, GetTestExtensionFromType: Register extension with identifier data 'logger://Microsoft/TestPlatform/TrxLogger/v1' and type 'Microsoft.VisualStudio.TestPlatform.Extensions.TrxLogger.TrxLogger, Microsoft.VisualStudio.TestPlatform.Extensions.Trx.TestLogger, Version=15.0.0.0, Culture=neutral, PublicKeyToken=b03f5f7f11d50a3a' inside file 'C:\Program Files\dotnet\sdk\7.0.102\Extensions\Microsoft.VisualStudio.TestPlatform.Extensions.Trx.TestLogger.dll'
TpTrace Verbose: 0 : 14120, 1, 2023/03/13, 21:22:14.841, 121455945206, vstest.console.dll, TestPluginCache: Discovered the extensions using extension path ''.
TpTrace Verbose: 0 : 14120, 1, 2023/03/13, 21:22:14.841, 121455946348, vstest.console.dll, TestPluginCache: Discoverers are ''.
TpTrace Verbose: 0 : 14120, 1, 2023/03/13, 21:22:14.841, 121455947068, vstest.console.dll, TestPluginCache: Executors are ''.
TpTrace Verbose: 0 : 14120, 1, 2023/03/13, 21:22:14.842, 121455947719, vstest.console.dll, TestPluginCache: Executors2 are ''.
TpTrace Verbose: 0 : 14120, 1, 2023/03/13, 21:22:14.842, 121455948249, vstest.console.dll, TestPluginCache: Setting providers are ''.
TpTrace Verbose: 0 : 14120, 1, 2023/03/13, 21:22:14.842, 121455949624, vstest.console.dll, TestPluginCache: Loggers are 'logger://Microsoft/TestPlatform/Extensions/Blame/v1,logger://Microsoft/TestPlatform/HtmlLogger/v1,logger://Microsoft/TestPlatform/TrxLogger/v1'.
TpTrace Verbose: 0 : 14120, 1, 2023/03/13, 21:22:14.842, 121455950586, vstest.console.dll, TestPluginCache: TestHosts are 'HostProvider://DefaultTestHost,HostProvider://DotnetTestHost'.
TpTrace Verbose: 0 : 14120, 1, 2023/03/13, 21:22:14.842, 121455951227, vstest.console.dll, TestPluginCache: DataCollectors are ''.
TpTrace Information: 0 : 14120, 1, 2023/03/13, 21:22:14.843, 121455966182, vstest.console.dll, TestPluginManager.CreateTestExtension: Attempting to load test extension: Microsoft.TestPlatform.Extensions.BlameDataCollector.BlameLogger
TpTrace Verbose: 0 : 14120, 1, 2023/03/13, 21:22:14.855, 121456079549, vstest.console.dll, TestEngine: Initializing Parallel Execution as MaxCpuCount is set to: 1
TpTrace Information: 0 : 14120, 1, 2023/03/13, 21:22:14.858, 121456110659, vstest.console.dll, TestPluginManager.CreateTestExtension: Attempting to load test extension: Microsoft.VisualStudio.TestPlatform.CrossPlatEngine.Hosting.DefaultTestHostManager
TpTrace Information: 0 : 14120, 1, 2023/03/13, 21:22:14.859, 121456127501, vstest.console.dll, TestPluginManager.CreateTestExtension: Attempting to load test extension: Microsoft.VisualStudio.TestPlatform.CrossPlatEngine.Hosting.DotnetTestHostManager
TpTrace Information: 0 : 14120, 1, 2023/03/13, 21:22:14.861, 121456140326, vstest.console.dll, InferRunSettingsHelper.IsTestSettingsEnabled: Unable to navigate to RunSettings/MSTest. Current node: RunSettings
TpTrace Verbose: 0 : 14120, 1, 2023/03/13, 21:22:14.869, 121456224392, vstest.console.dll, TestEngine.GetExecutionManager: Chosen execution manager 'Microsoft.VisualStudio.TestPlatform.CrossPlatEngine.Client.Parallel.ParallelProxyExecutionManager, Microsoft.TestPlatform.CrossPlatEngine, Version=15.0.0.0, Culture=neutral, PublicKeyToken=b03f5f7f11d50a3a' ParallelLevel '1'.
TpTrace Verbose: 0 : 14120, 1, 2023/03/13, 21:22:14.869, 121456227264, vstest.console.dll, TestRunRequest.ExecuteAsync: Creating test run request.
TpTrace Verbose: 0 : 14120, 1, 2023/03/13, 21:22:14.870, 121456231877, vstest.console.dll, TestRunRequest.ExecuteAsync: Starting.
TpTrace Information: 0 : 14120, 1, 2023/03/13, 21:22:14.870, 121456236800, vstest.console.dll, TestRunRequest.ExecuteAsync: Starting run with settings:TestRunCriteria:
   KeepAlive=False,FrequencyOfRunStatsChangeEvent=10,RunStatsChangeEventTimeout=00:00:01.5000000,TestCaseFilter=,TestExecutorLauncher=
   Settingsxml=<RunSettings>
  <RunConfiguration>
    <ResultsDirectory>C:\Users\zacha\source\repos\bibliotheque-da2012487-semaine8\TestPersonne\bin\Debug\net6.0\fine-code-coverage\coverage-tool-output</ResultsDirectory>
    <TargetPlatform>X64</TargetPlatform>
    <TargetFrameworkVersion>.NETCoreApp,Version=v6.0</TargetFrameworkVersion>
    <DesignMode>False</DesignMode>
    <CollectSourceInformation>False</CollectSourceInformation>
  </RunConfiguration>
  <LoggerRunSettings>
    <Loggers>
      <Logger friendlyName="blame" enabled="True" />
      <Logger friendlyName="Console" uri="logger://microsoft/TestPlatform/ConsoleLogger/v1" assemblyQualifiedName="Microsoft.VisualStudio.TestPlatform.CommandLine.Internal.ConsoleLogger, vstest.console, Version=15.0.0.0, Culture=neutral, PublicKeyToken=b03f5f7f11d50a3a" codeBase="C:\Program Files\dotnet\sdk\7.0.102\vstest.console.dll" enabled="True" />
    </Loggers>
  </LoggerRunSettings>
  <DataCollectionRunSettings>
    <DataCollectors>
      <DataCollector friendlyName="blame" enabled="True">
        <Configuration>
          <ResultsDirectory>C:\Users\zacha\source\repos\bibliotheque-da2012487-semaine8\TestPersonne\bin\Debug\net6.0\fine-code-coverage\coverage-tool-output</ResultsDirectory>
        </Configuration>
      </DataCollector>
    </DataCollectors>
  </DataCollectionRunSettings>
</RunSettings>

TpTrace Verbose: 0 : 14120, 1, 2023/03/13, 21:22:14.871, 121456238413, vstest.console.dll, TestRunRequest.ExecuteAsync: Wait for the first run request is over.
TpTrace Verbose: 0 : 14120, 1, 2023/03/13, 21:22:14.871, 121456243689, vstest.console.dll, MulticastDelegateUtilities.SafeInvoke: TestRun.TestRunStart: Invoking callbacks was skipped because there are no subscribers.
TpTrace Verbose: 0 : 14120, 4, 2023/03/13, 21:22:14.871, 121456247231, vstest.console.dll, MulticastDelegateUtilities.SafeInvoke: InternalTestLoggerEvents.SendTestRunStart: Invoking callback 1/1 for Microsoft.VisualStudio.TestPlatform.CommandLine.Internal.ConsoleLogger., took 0 ms.
TpTrace Verbose: 0 : 14120, 1, 2023/03/13, 21:22:14.873, 121456264851, vstest.console.dll, ParallelProxyExecutionManager: Start execution. Total sources: 1
TpTrace Verbose: 0 : 14120, 1, 2023/03/13, 21:22:14.875, 121456285248, vstest.console.dll, TestRequestSender is acting as server.
TpTrace Verbose: 0 : 14120, 1, 2023/03/13, 21:22:14.877, 121456301202, vstest.console.dll, DataCollectionRequestSender.InitializeCommunication : Initialize communication. 
TpTrace Information: 0 : 14120, 1, 2023/03/13, 21:22:14.883, 121456363844, vstest.console.dll, Listening on Endpoint : 127.0.0.1:61132
TpTrace Verbose: 0 : 14120, 1, 2023/03/13, 21:22:14.894, 121456473873, vstest.console.dll, DotnetDataCollectionLauncher: Adding  --runtimeconfig "C:\Program Files\dotnet\sdk\7.0.102\datacollector.runtimeconfig.json" in args
TpTrace Verbose: 0 : 14120, 1, 2023/03/13, 21:22:14.894, 121456475826, vstest.console.dll, DotnetDataCollectionLauncher: Adding  --depsfile "C:\Program Files\dotnet\sdk\7.0.102\datacollector.deps.json" in args
TpTrace Verbose: 0 : 14120, 1, 2023/03/13, 21:22:14.895, 121456478912, vstest.console.dll, DotnetDataCollectionLauncher: Full path of dotnet.exe is C:\Program Files\dotnet\dotnet.exe
TpTrace Information: 0 : 14120, 1, 2023/03/13, 21:22:14.908, 121456613911, vstest.console.dll, ProxyDataCollectionManager.Initialize: Launched datacollector processId: 14064 port: 61132
TpTrace Information: 0 : 14120, 1, 2023/03/13, 21:22:14.908, 121456615908, vstest.console.dll, ProxyDataCollectionManager.Initialize: waiting for connection with timeout: 90 seconds
TpTrace Verbose: 0 : 14120, 1, 2023/03/13, 21:22:14.908, 121456616796, vstest.console.dll, DataCollectionRequestSender.WaitForRequestHandlerConnection : Waiting for connection with timeout: 90000
TpTrace Information: 0 : 14120, 9, 2023/03/13, 21:22:15.139, 121458919869, vstest.console.dll, Using the buffer size of 16384 bytes
TpTrace Verbose: 0 : 14120, 1, 2023/03/13, 21:22:15.139, 121458919970, vstest.console.dll, SocketCommunicationManager.WaitForClientConnection took: 230 ms, with 90000 ms timeout, and finished with True.
TpTrace Information: 0 : 14120, 9, 2023/03/13, 21:22:15.139, 121458921864, vstest.console.dll, Accepted Client request and set the flag
TpTrace Verbose: 0 : 14120, 1, 2023/03/13, 21:22:15.139, 121458923633, vstest.console.dll, ProxyDataCollectionManager.InvokeDataCollectionServiceAction: Starting.
TpTrace Information: 0 : 14120, 1, 2023/03/13, 21:22:15.139, 121458924995, vstest.console.dll, ProxyDataCollectionManager.BeforeTestRunStart: Get environment variable and port for datacollector processId: 14064 port: 61132
TpTrace Verbose: 0 : 14120, 1, 2023/03/13, 21:22:15.139, 121458926926, vstest.console.dll, DataCollectionRequestSender.SendBeforeTestRunStartAndGetResult: Send BeforeTestRunStart message with settingsXml <RunSettings><RunConfiguration><ResultsDirectory>C:\Users\zacha\source\repos\bibliotheque-da2012487-semaine8\TestPersonne\bin\Debug\net6.0\fine-code-coverage\coverage-tool-output</ResultsDirectory><TargetPlatform>X64</TargetPlatform><TargetFrameworkVersion>.NETCoreApp,Version=v6.0</TargetFrameworkVersion><DesignMode>False</DesignMode><CollectSourceInformation>False</CollectSourceInformation><TestAdaptersPaths>C:\Program Files\dotnet\sdk\7.0.102\Extensions</TestAdaptersPaths></RunConfiguration><LoggerRunSettings><Loggers><Logger friendlyName="blame" enabled="True" /><Logger friendlyName="Console" uri="logger://microsoft/TestPlatform/ConsoleLogger/v1" assemblyQualifiedName="Microsoft.VisualStudio.TestPlatform.CommandLine.Internal.ConsoleLogger, vstest.console, Version=15.0.0.0, Culture=neutral, PublicKeyToken=b03f5f7f11d50a3a" codeBase="C:\Program Files\dotnet\sdk\7.0.102\vstest.console.dll" enabled="True" /></Loggers></LoggerRunSettings><DataCollectionRunSettings><DataCollectors><DataCollector friendlyName="blame" enabled="True"><Configuration><ResultsDirectory>C:\Users\zacha\source\repos\bibliotheque-da2012487-semaine8\TestPersonne\bin\Debug\net6.0\fine-code-coverage\coverage-tool-output</ResultsDirectory></Configuration></DataCollector></DataCollectors></DataCollectionRunSettings></RunSettings> and sources System.Collections.Generic.List`1[System.String]: 
TpTrace Verbose: 0 : 14120, 1, 2023/03/13, 21:22:15.271, 121460243733, vstest.console.dll, DataCollectionRequestSender.SendBeforeTestRunStartAndGetResult: Received message: (DataCollection.SendMessage) -> {"MessageType":"DataCollection.SendMessage","Payload":{"FriendlyName":null,"Uri":null,"TestCaseId":"00000000-0000-0000-0000-000000000000","Message":"Logging DataCollector Diagnostics in file: C:\\Users\\zacha\\source\\repos\\bibliotheque-da2012487-semaine8\\TestPersonne\\bin\\Debug\\net6.0\\fine-code-coverage\\coverage-tool-output\\diagnostics.datacollector.23-03-13_21-22-14_89416_1.log","Level":0}}
TpTrace Information: 0 : 14120, 1, 2023/03/13, 21:22:15.289, 121460423617, vstest.console.dll, AssemblyResolver.OnResolve: Microsoft.VisualStudio.TestPlatform.Common.resources: Resolving assembly.
TpTrace Information: 0 : 14120, 1, 2023/03/13, 21:22:15.289, 121460424856, vstest.console.dll, AssemblyResolver.OnResolve: Microsoft.VisualStudio.TestPlatform.Common.resources: Searching in: 'C:\Program Files\dotnet\sdk\7.0.102\Extensions'.
TpTrace Information: 0 : 14120, 1, 2023/03/13, 21:22:15.289, 121460425786, vstest.console.dll, AssemblyResolver.OnResolve: Microsoft.VisualStudio.TestPlatform.Common.resources: Assembly path does not exist: 'C:\Program Files\dotnet\sdk\7.0.102\Extensions\Microsoft.VisualStudio.TestPlatform.Common.resources.dll', returning.
TpTrace Information: 0 : 14120, 1, 2023/03/13, 21:22:15.289, 121460426661, vstest.console.dll, AssemblyResolver.OnResolve: Microsoft.VisualStudio.TestPlatform.Common.resources: Assembly path does not exist: 'C:\Program Files\dotnet\sdk\7.0.102\Extensions\Microsoft.VisualStudio.TestPlatform.Common.resources.exe', returning.
TpTrace Information: 0 : 14120, 1, 2023/03/13, 21:22:15.289, 121460427113, vstest.console.dll, AssemblyResolver.OnResolve: Microsoft.VisualStudio.TestPlatform.Common.resources: Searching in: 'C:\Program Files\dotnet\sdk\7.0.102'.
TpTrace Information: 0 : 14120, 1, 2023/03/13, 21:22:15.290, 121460427978, vstest.console.dll, AssemblyResolver.OnResolve: Microsoft.VisualStudio.TestPlatform.Common.resources: Assembly path does not exist: 'C:\Program Files\dotnet\sdk\7.0.102\Microsoft.VisualStudio.TestPlatform.Common.resources.dll', returning.
TpTrace Information: 0 : 14120, 1, 2023/03/13, 21:22:15.290, 121460428795, vstest.console.dll, AssemblyResolver.OnResolve: Microsoft.VisualStudio.TestPlatform.Common.resources: Assembly path does not exist: 'C:\Program Files\dotnet\sdk\7.0.102\Microsoft.VisualStudio.TestPlatform.Common.resources.exe', returning.
TpTrace Information: 0 : 14120, 1, 2023/03/13, 21:22:15.290, 121460429253, vstest.console.dll, AssemblyResolver.OnResolve: Microsoft.VisualStudio.TestPlatform.Common.resources: Failed to load assembly.
TpTrace Verbose: 0 : 14120, 1, 2023/03/13, 21:22:15.406, 121461594436, vstest.console.dll, DataCollectionRequestSender.SendBeforeTestRunStartAndGetResult: Received message: (DataCollection.BeforeTestRunStartResult) -> {"MessageType":"DataCollection.BeforeTestRunStartResult","Payload":{"EnvironmentVariables":{},"DataCollectionEventsPort":61134}}
TpTrace Information: 0 : 14120, 1, 2023/03/13, 21:22:15.416, 121461696104, vstest.console.dll, ProxyDataCollectionManager.BeforeTestRunStart: SendBeforeTestRunStartAndGetResult successful, env variable from datacollector:   and testhost port: 61134
TpTrace Information: 0 : 14120, 1, 2023/03/13, 21:22:15.417, 121461698148, vstest.console.dll, ProxyDataCollectionManager.InvokeDataCollectionServiceAction: Completed.
TpTrace Verbose: 0 : 14120, 11, 2023/03/13, 21:22:15.417, 121461701200, vstest.console.dll, ParallelProxyExecutionManager: Execution started. Started clients: 1
TpTrace Verbose: 0 : 14120, 1, 2023/03/13, 21:22:15.417, 121461701560, vstest.console.dll, ProxyParallelExecutionManager: No sources available for execution.
TpTrace Information: 0 : 14120, 1, 2023/03/13, 21:22:15.417, 121461703272, vstest.console.dll, TestRunRequest.ExecuteAsync: Started.
TpTrace Verbose: 0 : 14120, 1, 2023/03/13, 21:22:15.417, 121461707415, vstest.console.dll, TestRunRequest.WaitForCompletion: Waiting with timeout -1.
TpTrace Verbose: 0 : 14120, 11, 2023/03/13, 21:22:15.418, 121461714088, vstest.console.dll, TestRunRequest:SendTestRunMessage: Starting.
TpTrace Verbose: 0 : 14120, 4, 2023/03/13, 21:22:15.419, 121461717923, vstest.console.dll, MulticastDelegateUtilities.SafeInvoke: InternalTestLoggerEvents.SendTestRunMessage: Invoking callback 1/1 for Microsoft.VisualStudio.TestPlatform.CommandLine.Internal.ConsoleLogger., took 0 ms.
TpTrace Verbose: 0 : 14120, 11, 2023/03/13, 21:22:15.419, 121461721184, vstest.console.dll, MulticastDelegateUtilities.SafeInvoke: TestRun.LogMessages: Invoking callback 1/1 for Microsoft.VisualStudio.TestPlatform.CommandLine.TestRunResultAggregator., took 0 ms.
TpTrace Information: 0 : 14120, 11, 2023/03/13, 21:22:15.419, 121461722553, vstest.console.dll, TestRunRequest:SendTestRunMessage: Completed.
TpTrace Verbose: 0 : 14120, 11, 2023/03/13, 21:22:15.419, 121461726422, vstest.console.dll, ProxyExecutionManager: Test host is always Lazy initialize.
TpTrace Verbose: 0 : 14120, 11, 2023/03/13, 21:22:15.420, 121461731620, vstest.console.dll, TestRequestSender.InitializeCommunication: initialize communication. 
TpTrace Information: 0 : 14120, 11, 2023/03/13, 21:22:15.421, 121461741513, vstest.console.dll, SocketServer.Start: Listening on endpoint : 127.0.0.1:61135
TpTrace Verbose: 0 : 14120, 11, 2023/03/13, 21:22:15.423, 121461759317, vstest.console.dll, DotnetTestHostmanager.GetTestHostProcessStartInfo: Platform environment 'X64' target architecture 'X64' framework '.NETCoreApp,Version=v6.0' OS 'Windows'
TpTrace Verbose: 0 : 14120, 11, 2023/03/13, 21:22:15.423, 121461764162, vstest.console.dll, DotnetTestHostmanager: Adding  --runtimeconfig "C:\Users\zacha\source\repos\bibliotheque-da2012487-semaine8\TestPersonne\bin\Debug\net6.0\fine-code-coverage\build-output\TestPersonne.runtimeconfig.json" in args
TpTrace Verbose: 0 : 14120, 11, 2023/03/13, 21:22:15.423, 121461766555, vstest.console.dll, DotnetTestHostmanager: Adding  --depsfile "C:\Users\zacha\source\repos\bibliotheque-da2012487-semaine8\TestPersonne\bin\Debug\net6.0\fine-code-coverage\build-output\TestPersonne.deps.json" in args
TpTrace Verbose: 0 : 14120, 11, 2023/03/13, 21:22:15.424, 121461769809, vstest.console.dll, DotnetTestHostmanager.IsWinOnArm: Current PROCESSOR_ARCHITECTURE from environment variable 'AMD64'
TpTrace Verbose: 0 : 14120, 11, 2023/03/13, 21:22:15.424, 121461771048, vstest.console.dll, DotnetTestHostmanager.IsWinOnArm: Is Windows on ARM 'False'
TpTrace Verbose: 0 : 14120, 11, 2023/03/13, 21:22:15.424, 121461773013, vstest.console.dll, DotnetTestHostManager: testhost.exe found at path: C:\Users\zacha\source\repos\bibliotheque-da2012487-semaine8\TestPersonne\bin\Debug\net6.0\fine-code-coverage\build-output\testhost.exe
TpTrace Verbose: 0 : 14120, 11, 2023/03/13, 21:22:15.424, 121461774043, vstest.console.dll, DotnetTestHostmanager: Full path of host exe is C:\Users\zacha\source\repos\bibliotheque-da2012487-semaine8\TestPersonne\bin\Debug\net6.0\fine-code-coverage\build-output\testhost.exe
TpTrace Verbose: 0 : 14120, 11, 2023/03/13, 21:22:15.424, 121461776830, vstest.console.dll, DotnetTestHostmanager.LaunchTestHostAsync: Found 'VSTEST_WINAPPHOST_DOTNET_ROOT' in env variables, value 'C:\Program Files\dotnet', forwarding to 'DOTNET_ROOT'
TpTrace Verbose: 0 : 14120, 11, 2023/03/13, 21:22:15.425, 121461780497, vstest.console.dll, DotnetTestHostManager: Starting process 'C:\Users\zacha\source\repos\bibliotheque-da2012487-semaine8\TestPersonne\bin\Debug\net6.0\fine-code-coverage\build-output\testhost.exe' with command line ' --runtimeconfig "C:\Users\zacha\source\repos\bibliotheque-da2012487-semaine8\TestPersonne\bin\Debug\net6.0\fine-code-coverage\build-output\TestPersonne.runtimeconfig.json" --depsfile "C:\Users\zacha\source\repos\bibliotheque-da2012487-semaine8\TestPersonne\bin\Debug\net6.0\fine-code-coverage\build-output\TestPersonne.deps.json" --port 61135 --endpoint 127.0.0.1:061135 --role client --parentprocessid 14120 --diag "C:\Users\zacha\source\repos\bibliotheque-da2012487-semaine8\TestPersonne\bin\Debug\net6.0\fine-code-coverage\coverage-tool-output\diagnostics.host.23-03-13_21-22-15_42230_11.log" --tracelevel 4 --datacollectionport 61134 --telemetryoptedin false'
TpTrace Verbose: 0 : 14120, 11, 2023/03/13, 21:22:15.438, 121461915180, vstest.console.dll, MulticastDelegateUtilities.SafeInvoke: HostProviderEvents.OnHostLaunched: Invoking callback 1/2 for Microsoft.VisualStudio.TestPlatform.CrossPlatEngine.Client.ProxyExecutionManagerWithDataCollection., took 2 ms.
TpTrace Verbose: 0 : 14120, 11, 2023/03/13, 21:22:15.439, 121461920617, vstest.console.dll, Test Runtime launched
TpTrace Verbose: 0 : 14120, 11, 2023/03/13, 21:22:15.439, 121461921975, vstest.console.dll, MulticastDelegateUtilities.SafeInvoke: HostProviderEvents.OnHostLaunched: Invoking callback 2/2 for Microsoft.VisualStudio.TestPlatform.CrossPlatEngine.Client.ProxyOperationManager., took 0 ms.
TpTrace Verbose: 0 : 14120, 11, 2023/03/13, 21:22:15.439, 121461924513, vstest.console.dll, TestRequestSender.WaitForRequestHandlerConnection: waiting for connection with timeout: 90000.
TpTrace Verbose: 0 : 14120, 9, 2023/03/13, 21:22:15.631, 121463842458, vstest.console.dll, MulticastDelegateUtilities.SafeInvoke: SocketServer: ClientConnected: Invoking callback 1/1 for Microsoft.VisualStudio.TestPlatform.CommunicationUtilities.TestRequestSender., took 0 ms.
TpTrace Verbose: 0 : 14120, 11, 2023/03/13, 21:22:15.631, 121463842393, vstest.console.dll, TestRequestSender.WaitForRequestHandlerConnection: waiting took 191 ms, with timeout 90000 ms, and result 0, which is success.
TpTrace Verbose: 0 : 14120, 9, 2023/03/13, 21:22:15.631, 121463844219, vstest.console.dll, SocketServer.OnClientConnected: Client connected for endPoint: 127.0.0.1:61135, starting MessageLoopAsync:
TpTrace Verbose: 0 : 14120, 9, 2023/03/13, 21:22:15.632, 121463848824, vstest.console.dll, TcpClientExtensions.MessageLoopAsync: Polling on remoteEndPoint: 127.0.0.1:61136 localEndPoint: 127.0.0.1:61135
TpTrace Verbose: 0 : 14120, 11, 2023/03/13, 21:22:15.633, 121463857885, vstest.console.dll, TestRequestSender.CheckVersionWithTestHost: Sending check version message: {"MessageType":"ProtocolVersion","Payload":7}
TpTrace Verbose: 0 : 14120, 9, 2023/03/13, 21:22:15.845, 121465986131, vstest.console.dll, TcpClientExtensions.MessageLoopAsync: NotifyDataAvailable remoteEndPoint: 127.0.0.1:61136 localEndPoint: 127.0.0.1:61135
TpTrace Verbose: 0 : 14120, 9, 2023/03/13, 21:22:15.846, 121465990509, vstest.console.dll, TestRequestSender.CheckVersionWithTestHost: onMessageReceived received message: (ProtocolVersion) -> {"MessageType":"ProtocolVersion","Payload":7}
TpTrace Verbose: 0 : 14120, 9, 2023/03/13, 21:22:15.847, 121466003291, vstest.console.dll, MulticastDelegateUtilities.SafeInvoke: LengthPrefixCommunicationChannel: MessageReceived: Invoking callback 1/1 for Microsoft.VisualStudio.TestPlatform.CommunicationUtilities.TestRequestSender+<>c__DisplayClass26_0., took 1 ms.
TpTrace Verbose: 0 : 14120, 11, 2023/03/13, 21:22:15.847, 121466003857, vstest.console.dll, TestPluginCache.GetExtensionPaths: Filtered extension paths: 
TpTrace Verbose: 0 : 14120, 9, 2023/03/13, 21:22:15.847, 121466005284, vstest.console.dll, TcpClientExtensions.MessageLoopAsync: Polling on remoteEndPoint: 127.0.0.1:61136 localEndPoint: 127.0.0.1:61135
TpTrace Verbose: 0 : 14120, 11, 2023/03/13, 21:22:15.847, 121466005749, vstest.console.dll, TestPluginCache.GetExtensionPaths: Added default extension paths: C:\Program Files\dotnet\sdk\7.0.102\Extensions\Microsoft.Diagnostics.NETCore.Client.dll
C:\Program Files\dotnet\sdk\7.0.102\Extensions\Microsoft.TestPlatform.Extensions.BlameDataCollector.dll
C:\Program Files\dotnet\sdk\7.0.102\Extensions\Microsoft.TestPlatform.Extensions.EventLogCollector.dll
C:\Program Files\dotnet\sdk\7.0.102\Extensions\Microsoft.TestPlatform.TestHostRuntimeProvider.dll
C:\Program Files\dotnet\sdk\7.0.102\Extensions\Microsoft.VisualStudio.TestPlatform.Extensions.Html.TestLogger.dll
C:\Program Files\dotnet\sdk\7.0.102\Extensions\Microsoft.VisualStudio.TestPlatform.Extensions.Trx.TestLogger.dll
TpTrace Verbose: 0 : 14120, 11, 2023/03/13, 21:22:15.847, 121466007292, vstest.console.dll, TestPluginCache.GetExtensionPaths: Added unfilterableExtensionPaths: 
TpTrace Verbose: 0 : 14120, 11, 2023/03/13, 21:22:15.852, 121466052264, vstest.console.dll, TestRequestSender.InitializeExecution: Sending initialize execution with message: {"Version":7,"MessageType":"TestExecution.Initialize","Payload":["C:\\Users\\zacha\\source\\repos\\bibliotheque-da2012487-semaine8\\TestPersonne\\bin\\Debug\\net6.0\\fine-code-coverage\\build-output\\Microsoft.VisualStudio.TestPlatform.MSTest.TestAdapter.dll"]}
TpTrace Warning: 0 : 14120, 11, 2023/03/13, 21:22:15.853, 121466060781, vstest.console.dll, InferRunSettingsHelper.MakeRunsettingsCompatible: Removing the following settings: TargetPlatform from RunSettings file. To use those settings please move to latest version of Microsoft.NET.Test.Sdk
TpTrace Verbose: 0 : 14120, 9, 2023/03/13, 21:22:15.856, 121466091858, vstest.console.dll, TcpClientExtensions.MessageLoopAsync: NotifyDataAvailable remoteEndPoint: 127.0.0.1:61136 localEndPoint: 127.0.0.1:61135
TpTrace Verbose: 0 : 14120, 9, 2023/03/13, 21:22:15.857, 121466098181, vstest.console.dll, TestRequestSender.OnExecutionMessageReceived: Received message: {"Version":7,"MessageType":"TestSession.Message","Payload":{"MessageLevel":0,"Message":"Journalisation des diagnostics TestHost dans le fichier : C:\\Users\\zacha\\source\\repos\\bibliotheque-da2012487-semaine8\\TestPersonne\\bin\\Debug\\net6.0\\fine-code-coverage\\coverage-tool-output\\diagnostics.host.23-03-13_21-22-15_42230_11.log"}}
TpTrace Verbose: 0 : 14120, 9, 2023/03/13, 21:22:15.861, 121466146554, vstest.console.dll, TestRunRequest:SendTestRunMessage: Starting.
TpTrace Verbose: 0 : 14120, 9, 2023/03/13, 21:22:15.862, 121466149711, vstest.console.dll, MulticastDelegateUtilities.SafeInvoke: TestRun.LogMessages: Invoking callback 1/1 for Microsoft.VisualStudio.TestPlatform.CommandLine.TestRunResultAggregator., took 0 ms.
TpTrace Verbose: 0 : 14120, 4, 2023/03/13, 21:22:15.862, 121466149972, vstest.console.dll, MulticastDelegateUtilities.SafeInvoke: InternalTestLoggerEvents.SendTestRunMessage: Invoking callback 1/1 for Microsoft.VisualStudio.TestPlatform.CommandLine.Internal.ConsoleLogger., took 0 ms.
TpTrace Information: 0 : 14120, 9, 2023/03/13, 21:22:15.862, 121466150876, vstest.console.dll, TestRunRequest:SendTestRunMessage: Completed.
TpTrace Verbose: 0 : 14120, 9, 2023/03/13, 21:22:15.862, 121466152992, vstest.console.dll, MulticastDelegateUtilities.SafeInvoke: LengthPrefixCommunicationChannel: MessageReceived: Invoking callback 1/1 for Microsoft.VisualStudio.TestPlatform.CommunicationUtilities.TestRequestSender+<>c__DisplayClass31_0., took 5 ms.
TpTrace Verbose: 0 : 14120, 9, 2023/03/13, 21:22:15.862, 121466153786, vstest.console.dll, TcpClientExtensions.MessageLoopAsync: Polling on remoteEndPoint: 127.0.0.1:61136 localEndPoint: 127.0.0.1:61135
TpTrace Verbose: 0 : 14120, 11, 2023/03/13, 21:22:15.865, 121466185058, vstest.console.dll, TestRequestSender.StartTestRun: Sending test run with message: {"Version":7,"MessageType":"TestExecution.StartWithSources","Payload":{"AdapterSourceMap":{"_none_":["C:\\Users\\zacha\\source\\repos\\bibliotheque-da2012487-semaine8\\TestPersonne\\bin\\Debug\\net6.0\\fine-code-coverage\\build-output\\TestPersonne.dll"]},"RunSettings":"<RunSettings>\r\n  <RunConfiguration>\r\n    <ResultsDirectory>C:\\Users\\zacha\\source\\repos\\bibliotheque-da2012487-semaine8\\TestPersonne\\bin\\Debug\\net6.0\\fine-code-coverage\\coverage-tool-output</ResultsDirectory>\r\n    <TargetFrameworkVersion>.NETCoreApp,Version=v6.0</TargetFrameworkVersion>\r\n    <DesignMode>False</DesignMode>\r\n    <CollectSourceInformation>False</CollectSourceInformation>\r\n  </RunConfiguration>\r\n  <LoggerRunSettings>\r\n    <Loggers>\r\n      <Logger friendlyName=\"blame\" enabled=\"True\" />\r\n      <Logger friendlyName=\"Console\" uri=\"logger://microsoft/TestPlatform/ConsoleLogger/v1\" assemblyQualifiedName=\"Microsoft.VisualStudio.TestPlatform.CommandLine.Internal.ConsoleLogger, vstest.console, Version=15.0.0.0, Culture=neutral, PublicKeyToken=b03f5f7f11d50a3a\" codeBase=\"C:\\Program Files\\dotnet\\sdk\\7.0.102\\vstest.console.dll\" enabled=\"True\" />\r\n    </Loggers>\r\n  </LoggerRunSettings>\r\n  <DataCollectionRunSettings>\r\n    <DataCollectors>\r\n      <DataCollector friendlyName=\"blame\" enabled=\"True\">\r\n        <Configuration>\r\n          <ResultsDirectory>C:\\Users\\zacha\\source\\repos\\bibliotheque-da2012487-semaine8\\TestPersonne\\bin\\Debug\\net6.0\\fine-code-coverage\\coverage-tool-output</ResultsDirectory>\r\n        </Configuration>\r\n      </DataCollector>\r\n    </DataCollectors>\r\n  </DataCollectionRunSettings>\r\n</RunSettings>","TestExecutionContext":{"FrequencyOfRunStatsChangeEvent":10,"RunStatsChangeEventTimeout":"00:00:01.5000000","InIsolation":false,"KeepAlive":false,"AreTestCaseLevelEventsRequired":false,"IsDebug":false,"TestCaseFilter":null,"FilterOptions":null},"Package":null}}
TpTrace Verbose: 0 : 14120, 9, 2023/03/13, 21:22:16.484, 121472376478, vstest.console.dll, TcpClientExtensions.MessageLoopAsync: NotifyDataAvailable remoteEndPoint: 127.0.0.1:61136 localEndPoint: 127.0.0.1:61135
TpTrace Verbose: 0 : 14120, 9, 2023/03/13, 21:22:16.492, 121472449881, vstest.console.dll, TestRequestSender.OnExecutionMessageReceived: Received message: {"Version":7,"MessageType":"TestExecution.StatsChange","Payload":{"NewTestResults":[{"TestCase":{"Id":"d3865101-490b-36fe-bc9e-b7d6a55c1e5d","FullyQualifiedName":"TestPersonne.PersonneTests.PersonneConstructeurValideTest","DisplayName":"PersonneConstructeurValideTest","ExecutorUri":"executor://MSTestAdapter/v2","Source":"C:\\Users\\zacha\\source\\repos\\bibliotheque-da2012487-semaine8\\TestPersonne\\bin\\Debug\\net6.0\\fine-code-coverage\\build-output\\TestPersonne.dll","CodeFilePath":null,"LineNumber":-1,"Properties":[{"Key":{"Id":"TestCase.ManagedType","Label":"ManagedType","Category":"","Description":"","Attributes":1,"ValueType":"System.String"},"Value":"TestPersonne.PersonneTests"},{"Key":{"Id":"TestCase.ManagedMethod","Label":"ManagedMethod","Category":"","Description":"","Attributes":1,"ValueType":"System.String"},"Value":"PersonneConstructeurValideTest"},{"Key":{"Id":"MSTestDiscoverer.TestClassName","Label":"ClassName","Category":"","Description":"","Attributes":1,"ValueType":"System.String"},"Value":"TestPersonne.PersonneTests"},{"Key":{"Id":"TestCase.Hierarchy","Label":"Hierarchy","Category":"","Description":"","Attributes":2,"ValueType":"System.String[]"},"Value":["TestPersonne","PersonneTests"]},{"Key":{"Id":"TestObject.Traits","Label":"Traits","Category":"","Description":"","Attributes":5,"ValueType":"System.Collections.Generic.KeyValuePair`2[[System.String],[System.String]][]"},"Value":[]}]},"Attachments":[],"Outcome":1,"ErrorMessage":null,"ErrorStackTrace":null,"DisplayName":"PersonneConstructeurValideTest","Messages":[],"ComputerName":null,"Duration":"00:00:00.0109318","StartTime":"2023-03-13T21:22:16.304018-04:00","EndTime":"2023-03-13T21:22:16.3335432-04:00","Properties":[{"Key":{"Id":"ExecutionId","Label":"ExecutionId","Category":"","Description":"","Attributes":1,"ValueType":"System.Guid"},"Value":"00000000-0000-0000-0000-000000000000"},{"Key":{"Id":"ParentExecId","Label":"ParentExecId","Category":"","Description":"","Attributes":1,"ValueType":"System.Guid"},"Value":"00000000-0000-0000-0000-000000000000"},{"Key":{"Id":"InnerResultsCount","Label":"InnerResultsCount","Category":"","Description":"","Attributes":1,"ValueType":"System.Int32"},"Value":0}]},{"TestCase":{"Id":"a599af26-09cd-a7d3-9012-3e5ba6c3c05b","FullyQualifiedName":"TestPersonne.PersonneTests.PersonneConstructeurValideVideTest","DisplayName":"PersonneConstructeurValideVideTest","ExecutorUri":"executor://MSTestAdapter/v2","Source":"C:\\Users\\zacha\\source\\repos\\bibliotheque-da2012487-semaine8\\TestPersonne\\bin\\Debug\\net6.0\\fine-code-coverage\\build-output\\TestPersonne.dll","CodeFilePath":null,"LineNumber":-1,"Properties":[{"Key":{"Id":"TestCase.ManagedType","Label":"ManagedType","Category":"","Description":"","Attributes":1,"ValueType":"System.String"},"Value":"TestPersonne.PersonneTests"},{"Key":{"Id":"TestCase.ManagedMethod","Label":"ManagedMethod","Category":"","Description":"","Attributes":1,"ValueType":"System.String"},"Value":"PersonneConstructeurValideVideTest"},{"Key":{"Id":"MSTestDiscoverer.TestClassName","Label":"ClassName","Category":"","Description":"","Attributes":1,"ValueType":"System.String"},"Value":"TestPersonne.PersonneTests"},{"Key":{"Id":"TestCase.Hierarchy","Label":"Hierarchy","Category":"","Description":"","Attributes":2,"ValueType":"System.String[]"},"Value":["TestPersonne","PersonneTests"]},{"Key":{"Id":"TestObject.Traits","Label":"Traits","Category":"","Description":"","Attributes":5,"ValueType":"System.Collections.Generic.KeyValuePair`2[[System.String],[System.String]][]"},"Value":[]}]},"Attachments":[],"Outcome":1,"ErrorMessage":null,"ErrorStackTrace":null,"DisplayName":"PersonneConstructeurValideVideTest","Messages":[],"ComputerName":null,"Duration":"00:00:00.0008266","StartTime":"2023-03-13T21:22:16.3677367-04:00","EndTime":"2023-03-13T21:22:16.3689927-04:00","Properties":[{"Key":{"Id":"ExecutionId","Label":"ExecutionId","Category":"","Description":"","Attributes":1,"ValueType":"System.Guid"},"Value":"00000000-0000-0000-0000-000000000000"},{"Key":{"Id":"ParentExecId","Label":"ParentExecId","Category":"","Description":"","Attributes":1,"ValueType":"System.Guid"},"Value":"00000000-0000-0000-0000-000000000000"},{"Key":{"Id":"InnerResultsCount","Label":"InnerResultsCount","Category":"","Description":"","Attributes":1,"ValueType":"System.Int32"},"Value":0}]},{"TestCase":{"Id":"f56086c1-64f4-0f98-db43-4674fb2de9ae","FullyQualifiedName":"TestPersonne.PersonneTests.PersonneNomCompletTest","DisplayName":"PersonneNomCompletTest","ExecutorUri":"executor://MSTestAdapter/v2","Source":"C:\\Users\\zacha\\source\\repos\\bibliotheque-da2012487-semaine8\\TestPersonne\\bin\\Debug\\net6.0\\fine-code-coverage\\build-output\\TestPersonne.dll","CodeFilePath":null,"LineNumber":-1,"Properties":[{"Key":{"Id":"TestCase.ManagedType","Label":"ManagedType","Category":"","Description":"","Attributes":1,"ValueType":"System.String"},"Value":"TestPersonne.PersonneTests"},{"Key":{"Id":"TestCase.ManagedMethod","Label":"ManagedMethod","Category":"","Description":"","Attributes":1,"ValueType":"System.String"},"Value":"PersonneNomCompletTest"},{"Key":{"Id":"MSTestDiscoverer.TestClassName","Label":"ClassName","Category":"","Description":"","Attributes":1,"ValueType":"System.String"},"Value":"TestPersonne.PersonneTests"},{"Key":{"Id":"TestCase.Hierarchy","Label":"Hierarchy","Category":"","Description":"","Attributes":2,"ValueType":"System.String[]"},"Value":["TestPersonne","PersonneTests"]},{"Key":{"Id":"TestObject.Traits","Label":"Traits","Category":"","Description":"","Attributes":5,"ValueType":"System.Collections.Generic.KeyValuePair`2[[System.String],[System.String]][]"},"Value":[]}]},"Attachments":[],"Outcome":1,"ErrorMessage":null,"ErrorStackTrace":null,"DisplayName":"PersonneNomCompletTest","Messages":[],"ComputerName":null,"Duration":"00:00:00.0008397","StartTime":"2023-03-13T21:22:16.3739252-04:00","EndTime":"2023-03-13T21:22:16.3750592-04:00","Properties":[{"Key":{"Id":"ExecutionId","Label":"ExecutionId","Category":"","Description":"","Attributes":1,"ValueType":"System.Guid"},"Value":"00000000-0000-0000-0000-000000000000"},{"Key":{"Id":"ParentExecId","Label":"ParentExecId","Category":"","Description":"","Attributes":1,"ValueType":"System.Guid"},"Value":"00000000-0000-0000-0000-000000000000"},{"Key":{"Id":"InnerResultsCount","Label":"InnerResultsCount","Category":"","Description":"","Attributes":1,"ValueType":"System.Int32"},"Value":0}]},{"TestCase":{"Id":"48aa1ffd-9966-4610-a58d-5138b425c0b7","FullyQualifiedName":"TestPersonne.PersonneTests.PersonneNomCompletConstructeurCompletTest","DisplayName":"PersonneNomCompletConstructeurCompletTest","ExecutorUri":"executor://MSTestAdapter/v2","Source":"C:\\Users\\zacha\\source\\repos\\bibliotheque-da2012487-semaine8\\TestPersonne\\bin\\Debug\\net6.0\\fine-code-coverage\\build-output\\TestPersonne.dll","CodeFilePath":null,"LineNumber":-1,"Properties":[{"Key":{"Id":"TestCase.ManagedType","Label":"ManagedType","Category":"","Description":"","Attributes":1,"ValueType":"System.String"},"Value":"TestPersonne.PersonneTests"},{"Key":{"Id":"TestCase.ManagedMethod","Label":"ManagedMethod","Category":"","Description":"","Attributes":1,"ValueType":"System.String"},"Value":"PersonneNomCompletConstructeurCompletTest"},{"Key":{"Id":"MSTestDiscoverer.TestClassName","Label":"ClassName","Category":"","Description":"","Attributes":1,"ValueType":"System.String"},"Value":"TestPersonne.PersonneTests"},{"Key":{"Id":"TestCase.Hierarchy","Label":"Hierarchy","Category":"","Description":"","Attributes":2,"ValueType":"System.String[]"},"Value":["TestPersonne","PersonneTests"]},{"Key":{"Id":"TestObject.Traits","Label":"Traits","Category":"","Description":"","Attributes":5,"ValueType":"System.Collections.Generic.KeyValuePair`2[[System.String],[System.String]][]"},"Value":[]}]},"Attachments":[],"Outcome":1,"ErrorMessage":null,"ErrorStackTrace":null,"DisplayName":"PersonneNomCompletConstructeurCompletTest","Messages":[],"ComputerName":null,"Duration":"00:00:00.0002420","StartTime":"2023-03-13T21:22:16.3789608-04:00","EndTime":"2023-03-13T21:22:16.379471-04:00","Properties":[{"Key":{"Id":"ExecutionId","Label":"ExecutionId","Category":"","Description":"","Attributes":1,"ValueType":"System.Guid"},"Value":"00000000-0000-0000-0000-000000000000"},{"Key":{"Id":"ParentExecId","Label":"ParentExecId","Category":"","Description":"","Attributes":1,"ValueType":"System.Guid"},"Value":"00000000-0000-0000-0000-000000000000"},{"Key":{"Id":"InnerResultsCount","Label":"InnerResultsCount","Category":"","Description":"","Attributes":1,"ValueType":"System.Int32"},"Value":0}]},{"TestCase":{"Id":"2f853b2d-b0e0-d374-16bf-f9132f81f139","FullyQualifiedName":"TestPersonne.PersonneTests.PersonneConstructeurChampsVideTest","DisplayName":"PersonneConstructeurChampsVideTest","ExecutorUri":"executor://MSTestAdapter/v2","Source":"C:\\Users\\zacha\\source\\repos\\bibliotheque-da2012487-semaine8\\TestPersonne\\bin\\Debug\\net6.0\\fine-code-coverage\\build-output\\TestPersonne.dll","CodeFilePath":null,"LineNumber":-1,"Properties":[{"Key":{"Id":"TestCase.ManagedType","Label":"ManagedType","Category":"","Description":"","Attributes":1,"ValueType":"System.String"},"Value":"TestPersonne.PersonneTests"},{"Key":{"Id":"TestCase.ManagedMethod","Label":"ManagedMethod","Category":"","Description":"","Attributes":1,"ValueType":"System.String"},"Value":"PersonneConstructeurChampsVideTest"},{"Key":{"Id":"MSTestDiscoverer.TestClassName","Label":"ClassName","Category":"","Description":"","Attributes":1,"ValueType":"System.String"},"Value":"TestPersonne.PersonneTests"},{"Key":{"Id":"TestCase.Hierarchy","Label":"Hierarchy","Category":"","Description":"","Attributes":2,"ValueType":"System.String[]"},"Value":["TestPersonne","PersonneTests"]},{"Key":{"Id":"TestObject.Traits","Label":"Traits","Category":"","Description":"","Attributes":5,"ValueType":"System.Collections.Generic.KeyValuePair`2[[System.String],[System.String]][]"},"Value":[]}]},"Attachments":[],"Outcome":1,"ErrorMessage":null,"ErrorStackTrace":null,"DisplayName":"PersonneConstructeurChampsVideTest","Messages":[],"ComputerName":null,"Duration":"00:00:00.0023113","StartTime":"2023-03-13T21:22:16.384983-04:00","EndTime":"2023-03-13T21:22:16.3877074-04:00","Properties":[{"Key":{"Id":"ExecutionId","Label":"ExecutionId","Category":"","Description":"","Attributes":1,"ValueType":"System.Guid"},"Value":"00000000-0000-0000-0000-000000000000"},{"Key":{"Id":"ParentExecId","Label":"ParentExecId","Category":"","Description":"","Attributes":1,"ValueType":"System.Guid"},"Value":"00000000-0000-0000-0000-000000000000"},{"Key":{"Id":"InnerResultsCount","Label":"InnerResultsCount","Category":"","Description":"","Attributes":1,"ValueType":"System.Int32"},"Value":0}]},{"TestCase":{"Id":"ef6b0dd4-c825-ab3d-4358-0123d004c578","FullyQualifiedName":"TestPersonne.PersonneTests.PersonneConstructeurChampsNullTest","DisplayName":"PersonneConstructeurChampsNullTest","ExecutorUri":"executor://MSTestAdapter/v2","Source":"C:\\Users\\zacha\\source\\repos\\bibliotheque-da2012487-semaine8\\TestPersonne\\bin\\Debug\\net6.0\\fine-code-coverage\\build-output\\TestPersonne.dll","CodeFilePath":null,"LineNumber":-1,"Properties":[{"Key":{"Id":"TestCase.ManagedType","Label":"ManagedType","Category":"","Description":"","Attributes":1,"ValueType":"System.String"},"Value":"TestPersonne.PersonneTests"},{"Key":{"Id":"TestCase.ManagedMethod","Label":"ManagedMethod","Category":"","Description":"","Attributes":1,"ValueType":"System.String"},"Value":"PersonneConstructeurChampsNullTest"},{"Key":{"Id":"MSTestDiscoverer.TestClassName","Label":"ClassName","Category":"","Description":"","Attributes":1,"ValueType":"System.String"},"Value":"TestPersonne.PersonneTests"},{"Key":{"Id":"TestCase.Hierarchy","Label":"Hierarchy","Category":"","Description":"","Attributes":2,"ValueType":"System.String[]"},"Value":["TestPersonne","PersonneTests"]},{"Key":{"Id":"TestObject.Traits","Label":"Traits","Category":"","Description":"","Attributes":5,"ValueType":"System.Collections.Generic.KeyValuePair`2[[System.String],[System.String]][]"},"Value":[]}]},"Attachments":[],"Outcome":1,"ErrorMessage":null,"ErrorStackTrace":null,"DisplayName":"PersonneConstructeurChampsNullTest","Messages":[],"ComputerName":null,"Duration":"00:00:00.0010571","StartTime":"2023-03-13T21:22:16.3932026-04:00","EndTime":"2023-03-13T21:22:16.3946724-04:00","Properties":[{"Key":{"Id":"ExecutionId","Label":"ExecutionId","Category":"","Description":"","Attributes":1,"ValueType":"System.Guid"},"Value":"00000000-0000-0000-0000-000000000000"},{"Key":{"Id":"ParentExecId","Label":"ParentExecId","Category":"","Description":"","Attributes":1,"ValueType":"System.Guid"},"Value":"00000000-0000-0000-0000-000000000000"},{"Key":{"Id":"InnerResultsCount","Label":"InnerResultsCount","Category":"","Description":"","Attributes":1,"ValueType":"System.Int32"},"Value":0}]},{"TestCase":{"Id":"e2d38a4f-71fd-0096-a704-39b34399bde4","FullyQualifiedName":"TestPersonne.PersonneTests.PersonneConstructeurCompletChampsNullTest","DisplayName":"PersonneConstructeurCompletChampsNullTest","ExecutorUri":"executor://MSTestAdapter/v2","Source":"C:\\Users\\zacha\\source\\repos\\bibliotheque-da2012487-semaine8\\TestPersonne\\bin\\Debug\\net6.0\\fine-code-coverage\\build-output\\TestPersonne.dll","CodeFilePath":null,"LineNumber":-1,"Properties":[{"Key":{"Id":"TestCase.ManagedType","Label":"ManagedType","Category":"","Description":"","Attributes":1,"ValueType":"System.String"},"Value":"TestPersonne.PersonneTests"},{"Key":{"Id":"TestCase.ManagedMethod","Label":"ManagedMethod","Category":"","Description":"","Attributes":1,"ValueType":"System.String"},"Value":"PersonneConstructeurCompletChampsNullTest"},{"Key":{"Id":"MSTestDiscoverer.TestClassName","Label":"ClassName","Category":"","Description":"","Attributes":1,"ValueType":"System.String"},"Value":"TestPersonne.PersonneTests"},{"Key":{"Id":"TestCase.Hierarchy","Label":"Hierarchy","Category":"","Description":"","Attributes":2,"ValueType":"System.String[]"},"Value":["TestPersonne","PersonneTests"]},{"Key":{"Id":"TestObject.Traits","Label":"Traits","Category":"","Description":"","Attributes":5,"ValueType":"System.Collections.Generic.KeyValuePair`2[[System.String],[System.String]][]"},"Value":[]}]},"Attachments":[],"Outcome":1,"ErrorMessage":null,"ErrorStackTrace":null,"DisplayName":"PersonneConstructeurCompletChampsNullTest","Messages":[],"ComputerName":null,"Duration":"00:00:00.0013745","StartTime":"2023-03-13T21:22:16.399576-04:00","EndTime":"2023-03-13T21:22:16.4013292-04:00","Properties":[{"Key":{"Id":"ExecutionId","Label":"ExecutionId","Category":"","Description":"","Attributes":1,"ValueType":"System.Guid"},"Value":"00000000-0000-0000-0000-000000000000"},{"Key":{"Id":"ParentExecId","Label":"ParentExecId","Category":"","Description":"","Attributes":1,"ValueType":"System.Guid"},"Value":"00000000-0000-0000-0000-000000000000"},{"Key":{"Id":"InnerResultsCount","Label":"InnerResultsCount","Category":"","Description":"","Attributes":1,"ValueType":"System.Int32"},"Value":0}]},{"TestCase":{"Id":"5011e430-ff7c-4115-68ad-22f525cc975b","FullyQualifiedName":"TestPersonne.PersonneTests.PersonneConstructeurCompletChampsVideTest","DisplayName":"PersonneConstructeurCompletChampsVideTest","ExecutorUri":"executor://MSTestAdapter/v2","Source":"C:\\Users\\zacha\\source\\repos\\bibliotheque-da2012487-semaine8\\TestPersonne\\bin\\Debug\\net6.0\\fine-code-coverage\\build-output\\TestPersonne.dll","CodeFilePath":null,"LineNumber":-1,"Properties":[{"Key":{"Id":"TestCase.ManagedType","Label":"ManagedType","Category":"","Description":"","Attributes":1,"ValueType":"System.String"},"Value":"TestPersonne.PersonneTests"},{"Key":{"Id":"TestCase.ManagedMethod","Label":"ManagedMethod","Category":"","Description":"","Attributes":1,"ValueType":"System.String"},"Value":"PersonneConstructeurCompletChampsVideTest"},{"Key":{"Id":"MSTestDiscoverer.TestClassName","Label":"ClassName","Category":"","Description":"","Attributes":1,"ValueType":"System.String"},"Value":"TestPersonne.PersonneTests"},{"Key":{"Id":"TestCase.Hierarchy","Label":"Hierarchy","Category":"","Description":"","Attributes":2,"ValueType":"System.String[]"},"Value":["TestPersonne","PersonneTests"]},{"Key":{"Id":"TestObject.Traits","Label":"Traits","Category":"","Description":"","Attributes":5,"ValueType":"System.Collections.Generic.KeyValuePair`2[[System.String],[System.String]][]"},"Value":[]}]},"Attachments":[],"Outcome":1,"ErrorMessage":null,"ErrorStackTrace":null,"DisplayName":"PersonneConstructeurCompletChampsVideTest","Messages":[],"ComputerName":null,"Duration":"00:00:00.0017528","StartTime":"2023-03-13T21:22:16.4069382-04:00","EndTime":"2023-03-13T21:22:16.4091405-04:00","Properties":[{"Key":{"Id":"ExecutionId","Label":"ExecutionId","Category":"","Description":"","Attributes":1,"ValueType":"System.Guid"},"Value":"00000000-0000-0000-0000-000000000000"},{"Key":{"Id":"ParentExecId","Label":"ParentExecId","Category":"","Description":"","Attributes":1,"ValueType":"System.Guid"},"Value":"00000000-0000-0000-0000-000000000000"},{"Key":{"Id":"InnerResultsCount","Label":"InnerResultsCount","Category":"","Description":"","Attributes":1,"ValueType":"System.Int32"},"Value":0}]},{"TestCase":{"Id":"993a0b1e-e0f5-cf66-4727-82bacfe84042","FullyQualifiedName":"TestPersonne.PersonneTests.MereNullTest","DisplayName":"MereNullTest","ExecutorUri":"executor://MSTestAdapter/v2","Source":"C:\\Users\\zacha\\source\\repos\\bibliotheque-da2012487-semaine8\\TestPersonne\\bin\\Debug\\net6.0\\fine-code-coverage\\build-output\\TestPersonne.dll","CodeFilePath":null,"LineNumber":-1,"Properties":[{"Key":{"Id":"TestCase.ManagedType","Label":"ManagedType","Category":"","Description":"","Attributes":1,"ValueType":"System.String"},"Value":"TestPersonne.PersonneTests"},{"Key":{"Id":"TestCase.ManagedMethod","Label":"ManagedMethod","Category":"","Description":"","Attributes":1,"ValueType":"System.String"},"Value":"MereNullTest"},{"Key":{"Id":"MSTestDiscoverer.TestClassName","Label":"ClassName","Category":"","Description":"","Attributes":1,"ValueType":"System.String"},"Value":"TestPersonne.PersonneTests"},{"Key":{"Id":"TestCase.Hierarchy","Label":"Hierarchy","Category":"","Description":"","Attributes":2,"ValueType":"System.String[]"},"Value":["TestPersonne","PersonneTests"]},{"Key":{"Id":"TestObject.Traits","Label":"Traits","Category":"","Description":"","Attributes":5,"ValueType":"System.Collections.Generic.KeyValuePair`2[[System.String],[System.String]][]"},"Value":[]}]},"Attachments":[],"Outcome":1,"ErrorMessage":null,"ErrorStackTrace":null,"DisplayName":"MereNullTest","Messages":[],"ComputerName":null,"Duration":"00:00:00.0005409","StartTime":"2023-03-13T21:22:16.4198802-04:00","EndTime":"2023-03-13T21:22:16.4210176-04:00","Properties":[{"Key":{"Id":"ExecutionId","Label":"ExecutionId","Category":"","Description":"","Attributes":1,"ValueType":"System.Guid"},"Value":"00000000-0000-0000-0000-000000000000"},{"Key":{"Id":"ParentExecId","Label":"ParentExecId","Category":"","Description":"","Attributes":1,"ValueType":"System.Guid"},"Value":"00000000-0000-0000-0000-000000000000"},{"Key":{"Id":"InnerResultsCount","Label":"InnerResultsCount","Category":"","Description":"","Attributes":1,"ValueType":"System.Int32"},"Value":0}]}],"TestRunStatistics":{"ExecutedTests":9,"Stats":{"Passed":9}},"ActiveTests":[{"Id":"611dced5-59bc-4b7d-2b04-fb1aed31211a","FullyQualifiedName":"TestPersonne.PersonneTests.PereNullTest","DisplayName":"PereNullTest","ExecutorUri":"executor://MSTestAdapter/v2","Source":"C:\\Users\\zacha\\source\\repos\\bibliotheque-da2012487-semaine8\\TestPersonne\\bin\\Debug\\net6.0\\fine-code-coverage\\build-output\\TestPersonne.dll","CodeFilePath":null,"LineNumber":-1,"Properties":[{"Key":{"Id":"TestCase.ManagedType","Label":"ManagedType","Category":"","Description":"","Attributes":1,"ValueType":"System.String"},"Value":"TestPersonne.PersonneTests"},{"Key":{"Id":"TestCase.ManagedMethod","Label":"ManagedMethod","Category":"","Description":"","Attributes":1,"ValueType":"System.String"},"Value":"PereNullTest"},{"Key":{"Id":"MSTestDiscoverer.TestClassName","Label":"ClassName","Category":"","Description":"","Attributes":1,"ValueType":"System.String"},"Value":"TestPersonne.PersonneTests"},{"Key":{"Id":"TestCase.Hierarchy","Label":"Hierarchy","Category":"","Description":"","Attributes":2,"ValueType":"System.String[]"},"Value":["TestPersonne","PersonneTests"]},{"Key":{"Id":"TestObject.Traits","Label":"Traits","Category":"","Description":"","Attributes":5,"ValueType":"System.Collections.Generic.KeyValuePair`2[[System.String],[System.String]][]"},"Value":[]}]}]}}
TpTrace Verbose: 0 : 14120, 9, 2023/03/13, 21:22:16.590, 121473436890, vstest.console.dll, TestRunRequest:SendTestRunStatsChange: Starting.
TpTrace Verbose: 0 : 14120, 9, 2023/03/13, 21:22:16.591, 121473441162, vstest.console.dll, InProgress is PereNullTest
TpTrace Verbose: 0 : 14120, 9, 2023/03/13, 21:22:16.592, 121473447700, vstest.console.dll, MulticastDelegateUtilities.SafeInvoke: TestRun.RunStatsChanged: Invoking callbacks was skipped because there are no subscribers.
TpTrace Information: 0 : 14120, 9, 2023/03/13, 21:22:16.592, 121473448667, vstest.console.dll, TestRunRequest:SendTestRunStatsChange: Completed.
TpTrace Verbose: 0 : 14120, 9, 2023/03/13, 21:22:16.592, 121473449490, vstest.console.dll, MulticastDelegateUtilities.SafeInvoke: LengthPrefixCommunicationChannel: MessageReceived: Invoking callback 1/1 for Microsoft.VisualStudio.TestPlatform.CommunicationUtilities.TestRequestSender+<>c__DisplayClass31_0., took 106 ms.
TpTrace Verbose: 0 : 14120, 9, 2023/03/13, 21:22:16.592, 121473450112, vstest.console.dll, TcpClientExtensions.MessageLoopAsync: Polling on remoteEndPoint: 127.0.0.1:61136 localEndPoint: 127.0.0.1:61135
TpTrace Verbose: 0 : 14120, 9, 2023/03/13, 21:22:16.592, 121473450780, vstest.console.dll, TcpClientExtensions.MessageLoopAsync: NotifyDataAvailable remoteEndPoint: 127.0.0.1:61136 localEndPoint: 127.0.0.1:61135
TpTrace Verbose: 0 : 14120, 9, 2023/03/13, 21:22:16.593, 121473458630, vstest.console.dll, TestRequestSender.OnExecutionMessageReceived: Received message: {"Version":7,"MessageType":"TestExecution.Completed","Payload":{"TestRunCompleteArgs":{"TestRunStatistics":{"ExecutedTests":14,"Stats":{"Passed":14}},"IsCanceled":false,"IsAborted":false,"Error":null,"AttachmentSets":[],"InvokedDataCollectors":[],"ElapsedTimeInRunningTests":"00:00:00.4616703","Metrics":{},"DiscoveredExtensions":{"TestDiscoverers":["Microsoft.VisualStudio.TestPlatform.MSTest.TestAdapter.MSTestDiscoverer, Microsoft.VisualStudio.TestPlatform.MSTest.TestAdapter, Version=14.0.0.0, Culture=neutral, PublicKeyToken=b03f5f7f11d50a3a"],"TestExecutors":["executor://MSTestAdapter/v2"],"TestExecutors2":[],"TestSettingsProviders":[]}},"LastRunTests":{"NewTestResults":[{"TestCase":{"Id":"611dced5-59bc-4b7d-2b04-fb1aed31211a","FullyQualifiedName":"TestPersonne.PersonneTests.PereNullTest","DisplayName":"PereNullTest","ExecutorUri":"executor://MSTestAdapter/v2","Source":"C:\\Users\\zacha\\source\\repos\\bibliotheque-da2012487-semaine8\\TestPersonne\\bin\\Debug\\net6.0\\fine-code-coverage\\build-output\\TestPersonne.dll","CodeFilePath":null,"LineNumber":-1,"Properties":[{"Key":{"Id":"TestCase.ManagedType","Label":"ManagedType","Category":"","Description":"","Attributes":1,"ValueType":"System.String"},"Value":"TestPersonne.PersonneTests"},{"Key":{"Id":"TestCase.ManagedMethod","Label":"ManagedMethod","Category":"","Description":"","Attributes":1,"ValueType":"System.String"},"Value":"PereNullTest"},{"Key":{"Id":"MSTestDiscoverer.TestClassName","Label":"ClassName","Category":"","Description":"","Attributes":1,"ValueType":"System.String"},"Value":"TestPersonne.PersonneTests"},{"Key":{"Id":"TestCase.Hierarchy","Label":"Hierarchy","Category":"","Description":"","Attributes":2,"ValueType":"System.String[]"},"Value":["TestPersonne","PersonneTests"]},{"Key":{"Id":"TestObject.Traits","Label":"Traits","Category":"","Description":"","Attributes":5,"ValueType":"System.Collections.Generic.KeyValuePair`2[[System.String],[System.String]][]"},"Value":[]}]},"Attachments":[],"Outcome":1,"ErrorMessage":null,"ErrorStackTrace":null,"DisplayName":"PereNullTest","Messages":[],"ComputerName":null,"Duration":"00:00:00.0005162","StartTime":"2023-03-13T21:22:16.4873222-04:00","EndTime":"2023-03-13T21:22:16.4882387-04:00","Properties":[{"Key":{"Id":"ExecutionId","Label":"ExecutionId","Category":"","Description":"","Attributes":1,"ValueType":"System.Guid"},"Value":"00000000-0000-0000-0000-000000000000"},{"Key":{"Id":"ParentExecId","Label":"ParentExecId","Category":"","Description":"","Attributes":1,"ValueType":"System.Guid"},"Value":"00000000-0000-0000-0000-000000000000"},{"Key":{"Id":"InnerResultsCount","Label":"InnerResultsCount","Category":"","Description":"","Attributes":1,"ValueType":"System.Int32"},"Value":0}]},{"TestCase":{"Id":"771e5206-232a-1ff3-b88f-93dddb8fdc96","FullyQualifiedName":"TestPersonne.PersonneTests.PersonneConstructeurDateNaissanceFutureTest","DisplayName":"PersonneConstructeurDateNaissanceFutureTest","ExecutorUri":"executor://MSTestAdapter/v2","Source":"C:\\Users\\zacha\\source\\repos\\bibliotheque-da2012487-semaine8\\TestPersonne\\bin\\Debug\\net6.0\\fine-code-coverage\\build-output\\TestPersonne.dll","CodeFilePath":null,"LineNumber":-1,"Properties":[{"Key":{"Id":"TestCase.ManagedType","Label":"ManagedType","Category":"","Description":"","Attributes":1,"ValueType":"System.String"},"Value":"TestPersonne.PersonneTests"},{"Key":{"Id":"TestCase.ManagedMethod","Label":"ManagedMethod","Category":"","Description":"","Attributes":1,"ValueType":"System.String"},"Value":"PersonneConstructeurDateNaissanceFutureTest"},{"Key":{"Id":"MSTestDiscoverer.TestClassName","Label":"ClassName","Category":"","Description":"","Attributes":1,"ValueType":"System.String"},"Value":"TestPersonne.PersonneTests"},{"Key":{"Id":"TestCase.Hierarchy","Label":"Hierarchy","Category":"","Description":"","Attributes":2,"ValueType":"System.String[]"},"Value":["TestPersonne","PersonneTests"]},{"Key":{"Id":"TestObject.Traits","Label":"Traits","Category":"","Description":"","Attributes":5,"ValueType":"System.Collections.Generic.KeyValuePair`2[[System.String],[System.String]][]"},"Value":[]}]},"Attachments":[],"Outcome":1,"ErrorMessage":null,"ErrorStackTrace":null,"DisplayName":"PersonneConstructeurDateNaissanceFutureTest","Messages":[],"ComputerName":null,"Duration":"00:00:00.0007092","StartTime":"2023-03-13T21:22:16.4942126-04:00","EndTime":"2023-03-13T21:22:16.4954001-04:00","Properties":[{"Key":{"Id":"ExecutionId","Label":"ExecutionId","Category":"","Description":"","Attributes":1,"ValueType":"System.Guid"},"Value":"00000000-0000-0000-0000-000000000000"},{"Key":{"Id":"ParentExecId","Label":"ParentExecId","Category":"","Description":"","Attributes":1,"ValueType":"System.Guid"},"Value":"00000000-0000-0000-0000-000000000000"},{"Key":{"Id":"InnerResultsCount","Label":"InnerResultsCount","Category":"","Description":"","Attributes":1,"ValueType":"System.Int32"},"Value":0}]},{"TestCase":{"Id":"dbdae52a-8329-1621-e70d-21f10d56d4fd","FullyQualifiedName":"TestPersonne.PersonneTests.AgeCorrectementCalculeeTest","DisplayName":"AgeCorrectementCalculeeTest","ExecutorUri":"executor://MSTestAdapter/v2","Source":"C:\\Users\\zacha\\source\\repos\\bibliotheque-da2012487-semaine8\\TestPersonne\\bin\\Debug\\net6.0\\fine-code-coverage\\build-output\\TestPersonne.dll","CodeFilePath":null,"LineNumber":-1,"Properties":[{"Key":{"Id":"TestCase.ManagedType","Label":"ManagedType","Category":"","Description":"","Attributes":1,"ValueType":"System.String"},"Value":"TestPersonne.PersonneTests"},{"Key":{"Id":"TestCase.ManagedMethod","Label":"ManagedMethod","Category":"","Description":"","Attributes":1,"ValueType":"System.String"},"Value":"AgeCorrectementCalculeeTest"},{"Key":{"Id":"MSTestDiscoverer.TestClassName","Label":"ClassName","Category":"","Description":"","Attributes":1,"ValueType":"System.String"},"Value":"TestPersonne.PersonneTests"},{"Key":{"Id":"TestCase.Hierarchy","Label":"Hierarchy","Category":"","Description":"","Attributes":2,"ValueType":"System.String[]"},"Value":["TestPersonne","PersonneTests"]},{"Key":{"Id":"TestObject.Traits","Label":"Traits","Category":"","Description":"","Attributes":5,"ValueType":"System.Collections.Generic.KeyValuePair`2[[System.String],[System.String]][]"},"Value":[]}]},"Attachments":[],"Outcome":1,"ErrorMessage":null,"ErrorStackTrace":null,"DisplayName":"AgeCorrectementCalculeeTest","Messages":[],"ComputerName":null,"Duration":"00:00:00.0019187","StartTime":"2023-03-13T21:22:16.5009896-04:00","EndTime":"2023-03-13T21:22:16.5034064-04:00","Properties":[{"Key":{"Id":"ExecutionId","Label":"ExecutionId","Category":"","Description":"","Attributes":1,"ValueType":"System.Guid"},"Value":"00000000-0000-0000-0000-000000000000"},{"Key":{"Id":"ParentExecId","Label":"ParentExecId","Category":"","Description":"","Attributes":1,"ValueType":"System.Guid"},"Value":"00000000-0000-0000-0000-000000000000"},{"Key":{"Id":"InnerResultsCount","Label":"InnerResultsCount","Category":"","Description":"","Attributes":1,"ValueType":"System.Int32"},"Value":0}]},{"TestCase":{"Id":"8387f0e1-b814-86de-4837-ff79f6ab6e64","FullyQualifiedName":"TestPersonne.PersonneTests.AgeDateAnniversaireFutureTest","DisplayName":"AgeDateAnniversaireFutureTest","ExecutorUri":"executor://MSTestAdapter/v2","Source":"C:\\Users\\zacha\\source\\repos\\bibliotheque-da2012487-semaine8\\TestPersonne\\bin\\Debug\\net6.0\\fine-code-coverage\\build-output\\TestPersonne.dll","CodeFilePath":null,"LineNumber":-1,"Properties":[{"Key":{"Id":"TestCase.ManagedType","Label":"ManagedType","Category":"","Description":"","Attributes":1,"ValueType":"System.String"},"Value":"TestPersonne.PersonneTests"},{"Key":{"Id":"TestCase.ManagedMethod","Label":"ManagedMethod","Category":"","Description":"","Attributes":1,"ValueType":"System.String"},"Value":"AgeDateAnniversaireFutureTest"},{"Key":{"Id":"MSTestDiscoverer.TestClassName","Label":"ClassName","Category":"","Description":"","Attributes":1,"ValueType":"System.String"},"Value":"TestPersonne.PersonneTests"},{"Key":{"Id":"TestCase.Hierarchy","Label":"Hierarchy","Category":"","Description":"","Attributes":2,"ValueType":"System.String[]"},"Value":["TestPersonne","PersonneTests"]},{"Key":{"Id":"TestObject.Traits","Label":"Traits","Category":"","Description":"","Attributes":5,"ValueType":"System.Collections.Generic.KeyValuePair`2[[System.String],[System.String]][]"},"Value":[]}]},"Attachments":[],"Outcome":1,"ErrorMessage":null,"ErrorStackTrace":null,"DisplayName":"AgeDateAnniversaireFutureTest","Messages":[],"ComputerName":null,"Duration":"00:00:00.0004432","StartTime":"2023-03-13T21:22:16.5092534-04:00","EndTime":"2023-03-13T21:22:16.5101694-04:00","Properties":[{"Key":{"Id":"ExecutionId","Label":"ExecutionId","Category":"","Description":"","Attributes":1,"ValueType":"System.Guid"},"Value":"00000000-0000-0000-0000-000000000000"},{"Key":{"Id":"ParentExecId","Label":"ParentExecId","Category":"","Description":"","Attributes":1,"ValueType":"System.Guid"},"Value":"00000000-0000-0000-0000-000000000000"},{"Key":{"Id":"InnerResultsCount","Label":"InnerResultsCount","Category":"","Description":"","Attributes":1,"ValueType":"System.Int32"},"Value":0}]},{"TestCase":{"Id":"6cecb1e8-29d2-49db-09be-e4a0bc5ca580","FullyQualifiedName":"TestPersonne.PersonneTests.AgeDateAnniversaireTest","DisplayName":"AgeDateAnniversaireTest","ExecutorUri":"executor://MSTestAdapter/v2","Source":"C:\\Users\\zacha\\source\\repos\\bibliotheque-da2012487-semaine8\\TestPersonne\\bin\\Debug\\net6.0\\fine-code-coverage\\build-output\\TestPersonne.dll","CodeFilePath":null,"LineNumber":-1,"Properties":[{"Key":{"Id":"TestCase.ManagedType","Label":"ManagedType","Category":"","Description":"","Attributes":1,"ValueType":"System.String"},"Value":"TestPersonne.PersonneTests"},{"Key":{"Id":"TestCase.ManagedMethod","Label":"ManagedMethod","Category":"","Description":"","Attributes":1,"ValueType":"System.String"},"Value":"AgeDateAnniversaireTest"},{"Key":{"Id":"MSTestDiscoverer.TestClassName","Label":"ClassName","Category":"","Description":"","Attributes":1,"ValueType":"System.String"},"Value":"TestPersonne.PersonneTests"},{"Key":{"Id":"TestCase.Hierarchy","Label":"Hierarchy","Category":"","Description":"","Attributes":2,"ValueType":"System.String[]"},"Value":["TestPersonne","PersonneTests"]},{"Key":{"Id":"TestObject.Traits","Label":"Traits","Category":"","Description":"","Attributes":5,"ValueType":"System.Collections.Generic.KeyValuePair`2[[System.String],[System.String]][]"},"Value":[]}]},"Attachments":[],"Outcome":1,"ErrorMessage":null,"ErrorStackTrace":null,"DisplayName":"AgeDateAnniversaireTest","Messages":[],"ComputerName":null,"Duration":"00:00:00.0003347","StartTime":"2023-03-13T21:22:16.5160449-04:00","EndTime":"2023-03-13T21:22:16.5170284-04:00","Properties":[{"Key":{"Id":"ExecutionId","Label":"ExecutionId","Category":"","Description":"","Attributes":1,"ValueType":"System.Guid"},"Value":"00000000-0000-0000-0000-000000000000"},{"Key":{"Id":"ParentExecId","Label":"ParentExecId","Category":"","Description":"","Attributes":1,"ValueType":"System.Guid"},"Value":"00000000-0000-0000-0000-000000000000"},{"Key":{"Id":"InnerResultsCount","Label":"InnerResultsCount","Category":"","Description":"","Attributes":1,"ValueType":"System.Int32"},"Value":0}]}],"TestRunStatistics":{"ExecutedTests":14,"Stats":{"Passed":14}},"ActiveTests":[]},"RunAttachments":[],"ExecutorUris":["executor://mstestadapter/v2"]}}
TpTrace Verbose: 0 : 14120, 9, 2023/03/13, 21:22:16.593, 121473461643, vstest.console.dll, TestRequestSender.EndSession: Sending end session.
TpTrace Verbose: 0 : 14120, 9, 2023/03/13, 21:22:16.595, 121473486102, vstest.console.dll, ProxyOperationManager.Close: waiting for test host to exit for 100 ms
TpTrace Verbose: 0 : 14120, 4, 2023/03/13, 21:22:16.597, 121473503797, vstest.console.dll, MulticastDelegateUtilities.SafeInvoke: InternalTestLoggerEvents.SendTestResult: Invoking callback 1/1 for Microsoft.VisualStudio.TestPlatform.CommandLine.Internal.ConsoleLogger., took 5 ms.
TpTrace Verbose: 0 : 14120, 4, 2023/03/13, 21:22:16.598, 121473509534, vstest.console.dll, MulticastDelegateUtilities.SafeInvoke: InternalTestLoggerEvents.SendTestResult: Invoking callback 1/1 for Microsoft.VisualStudio.TestPlatform.CommandLine.Internal.ConsoleLogger., took 0 ms.
TpTrace Verbose: 0 : 14120, 4, 2023/03/13, 21:22:16.598, 121473511254, vstest.console.dll, MulticastDelegateUtilities.SafeInvoke: InternalTestLoggerEvents.SendTestResult: Invoking callback 1/1 for Microsoft.VisualStudio.TestPlatform.CommandLine.Internal.ConsoleLogger., took 0 ms.
TpTrace Verbose: 0 : 14120, 4, 2023/03/13, 21:22:16.598, 121473512498, vstest.console.dll, MulticastDelegateUtilities.SafeInvoke: InternalTestLoggerEvents.SendTestResult: Invoking callback 1/1 for Microsoft.VisualStudio.TestPlatform.CommandLine.Internal.ConsoleLogger., took 0 ms.
TpTrace Verbose: 0 : 14120, 4, 2023/03/13, 21:22:16.598, 121473513733, vstest.console.dll, MulticastDelegateUtilities.SafeInvoke: InternalTestLoggerEvents.SendTestResult: Invoking callback 1/1 for Microsoft.VisualStudio.TestPlatform.CommandLine.Internal.ConsoleLogger., took 0 ms.
TpTrace Verbose: 0 : 14120, 4, 2023/03/13, 21:22:16.598, 121473514760, vstest.console.dll, MulticastDelegateUtilities.SafeInvoke: InternalTestLoggerEvents.SendTestResult: Invoking callback 1/1 for Microsoft.VisualStudio.TestPlatform.CommandLine.Internal.ConsoleLogger., took 0 ms.
TpTrace Verbose: 0 : 14120, 4, 2023/03/13, 21:22:16.598, 121473515827, vstest.console.dll, MulticastDelegateUtilities.SafeInvoke: InternalTestLoggerEvents.SendTestResult: Invoking callback 1/1 for Microsoft.VisualStudio.TestPlatform.CommandLine.Internal.ConsoleLogger., took 0 ms.
TpTrace Verbose: 0 : 14120, 4, 2023/03/13, 21:22:16.598, 121473516875, vstest.console.dll, MulticastDelegateUtilities.SafeInvoke: InternalTestLoggerEvents.SendTestResult: Invoking callback 1/1 for Microsoft.VisualStudio.TestPlatform.CommandLine.Internal.ConsoleLogger., took 0 ms.
TpTrace Verbose: 0 : 14120, 4, 2023/03/13, 21:22:16.599, 121473517783, vstest.console.dll, MulticastDelegateUtilities.SafeInvoke: InternalTestLoggerEvents.SendTestResult: Invoking callback 1/1 for Microsoft.VisualStudio.TestPlatform.CommandLine.Internal.ConsoleLogger., took 0 ms.
TpTrace Warning: 0 : 14120, 10, 2023/03/13, 21:22:16.629, 121473819046, vstest.console.dll, TestHostManagerCallbacks.ErrorReceivedCallback Test host standard error line: 
TpTrace Verbose: 0 : 14120, 10, 2023/03/13, 21:22:16.641, 121473939512, vstest.console.dll, TestHostProvider.ExitCallBack: Host exited starting callback.
TpTrace Information: 0 : 14120, 10, 2023/03/13, 21:22:16.641, 121473943495, vstest.console.dll, TestHostManagerCallbacks.ExitCallBack: Testhost processId: 6676 exited with exitcode: 0 error: ''
TpTrace Verbose: 0 : 14120, 10, 2023/03/13, 21:22:16.641, 121473944698, vstest.console.dll, DotnetTestHostManager.OnHostExited: invoking OnHostExited callback
TpTrace Verbose: 0 : 14120, 10, 2023/03/13, 21:22:16.641, 121473945966, vstest.console.dll, CrossPlatEngine.TestHostManagerHostExited: calling on client process exit callback.
TpTrace Information: 0 : 14120, 10, 2023/03/13, 21:22:16.641, 121473947144, vstest.console.dll, TestRequestSender.OnClientProcessExit: Test host process exited. Standard error: 
TpTrace Information: 0 : 14120, 10, 2023/03/13, 21:22:16.642, 121473948009, vstest.console.dll, SocketServer.Stop: Stop server endPoint: 127.0.0.1:61135
TpTrace Information: 0 : 14120, 10, 2023/03/13, 21:22:16.642, 121473948653, vstest.console.dll, SocketServer.Stop: Cancellation requested. Stopping message loop.
TpTrace Information: 0 : 14120, 9, 2023/03/13, 21:22:16.642, 121473949148, vstest.console.dll, SocketServer.Stop: Stop server endPoint: 127.0.0.1:61135
TpTrace Information: 0 : 14120, 9, 2023/03/13, 21:22:16.642, 121473949913, vstest.console.dll, SocketServer.Stop: Cancellation requested. Stopping message loop.
TpTrace Information: 0 : 14120, 9, 2023/03/13, 21:22:16.642, 121473950693, vstest.console.dll, Closing the connection
TpTrace Verbose: 0 : 14120, 10, 2023/03/13, 21:22:16.642, 121473950978, vstest.console.dll, MulticastDelegateUtilities.SafeInvoke: HostProviderEvents.OnHostExited: Invoking callback 1/1 for Microsoft.VisualStudio.TestPlatform.CrossPlatEngine.Client.ProxyOperationManager., took 0 ms.
TpTrace Verbose: 0 : 14120, 9, 2023/03/13, 21:22:16.642, 121473954809, vstest.console.dll, ProxyDataCollectionManager.InvokeDataCollectionServiceAction: Starting.
TpTrace Information: 0 : 14120, 9, 2023/03/13, 21:22:16.642, 121473955638, vstest.console.dll, ProxyDataCollectionManager.AfterTestRunEnd: Get attachment set and invoked data collectors processId: 14064 port: 61132
TpTrace Verbose: 0 : 14120, 9, 2023/03/13, 21:22:16.642, 121473956498, vstest.console.dll, DataCollectionRequestSender.SendAfterTestRunStartAndGetResult: Send AfterTestRunEnd message with isCancelled: False
TpTrace Verbose: 0 : 14120, 9, 2023/03/13, 21:22:16.660, 121474128651, vstest.console.dll, DataCollectionRequestSender.SendAfterTestRunStartAndGetResult: Received message: (DataCollection.AfterTestRunEndResult) -> {"MessageType":"DataCollection.AfterTestRunEndResult","Payload":{"AttachmentSets":[],"InvokedDataCollectors":[{"Uri":"datacollector://Microsoft/TestPlatform/Extensions/Blame/v1","FriendlyName":"Blame","AssemblyQualifiedName":"Microsoft.TestPlatform.Extensions.BlameDataCollector.BlameCollector, Microsoft.TestPlatform.Extensions.BlameDataCollector, Version=15.0.0.0, Culture=neutral, PublicKeyToken=b03f5f7f11d50a3a","FilePath":"C:\\Program Files\\dotnet\\sdk\\7.0.102\\Extensions\\Microsoft.TestPlatform.Extensions.BlameDataCollector.dll","HasAttachmentProcessor":false}],"Metrics":{}}}
TpTrace Warning: 0 : 14120, 7, 2023/03/13, 21:22:16.670, 121474234789, vstest.console.dll, DataCollectionLauncher.ErrorReceivedCallback datacollector standard error line: 
TpTrace Information: 0 : 14120, 9, 2023/03/13, 21:22:16.675, 121474282759, vstest.console.dll, ProxyDataCollectionManager.InvokeDataCollectionServiceAction: Completed.
TpTrace Information: 0 : 14120, 7, 2023/03/13, 21:22:16.685, 121474382205, vstest.console.dll, DataCollectionLauncher.ExitCallBack: Data collector exited with exitcode: 0 error: ''
TpTrace Verbose: 0 : 14120, 9, 2023/03/13, 21:22:16.772, 121475255308, vstest.console.dll, TestRunRequest:SendTestRunStatsChange: Starting.
TpTrace Verbose: 0 : 14120, 9, 2023/03/13, 21:22:16.772, 121475257130, vstest.console.dll, MulticastDelegateUtilities.SafeInvoke: TestRun.RunStatsChanged: Invoking callbacks was skipped because there are no subscribers.
TpTrace Information: 0 : 14120, 9, 2023/03/13, 21:22:16.773, 121475257700, vstest.console.dll, TestRunRequest:SendTestRunStatsChange: Completed.
TpTrace Verbose: 0 : 14120, 4, 2023/03/13, 21:22:16.773, 121475258095, vstest.console.dll, MulticastDelegateUtilities.SafeInvoke: InternalTestLoggerEvents.SendTestResult: Invoking callback 1/1 for Microsoft.VisualStudio.TestPlatform.CommandLine.Internal.ConsoleLogger., took 0 ms.
TpTrace Verbose: 0 : 14120, 4, 2023/03/13, 21:22:16.773, 121475261656, vstest.console.dll, MulticastDelegateUtilities.SafeInvoke: InternalTestLoggerEvents.SendTestResult: Invoking callback 1/1 for Microsoft.VisualStudio.TestPlatform.CommandLine.Internal.ConsoleLogger., took 0 ms.
TpTrace Verbose: 0 : 14120, 4, 2023/03/13, 21:22:16.773, 121475262583, vstest.console.dll, MulticastDelegateUtilities.SafeInvoke: InternalTestLoggerEvents.SendTestResult: Invoking callback 1/1 for Microsoft.VisualStudio.TestPlatform.CommandLine.Internal.ConsoleLogger., took 0 ms.
TpTrace Verbose: 0 : 14120, 4, 2023/03/13, 21:22:16.773, 121475263215, vstest.console.dll, MulticastDelegateUtilities.SafeInvoke: InternalTestLoggerEvents.SendTestResult: Invoking callback 1/1 for Microsoft.VisualStudio.TestPlatform.CommandLine.Internal.ConsoleLogger., took 0 ms.
TpTrace Verbose: 0 : 14120, 4, 2023/03/13, 21:22:16.773, 121475263826, vstest.console.dll, MulticastDelegateUtilities.SafeInvoke: InternalTestLoggerEvents.SendTestResult: Invoking callback 1/1 for Microsoft.VisualStudio.TestPlatform.CommandLine.Internal.ConsoleLogger., took 0 ms.
TpTrace Verbose: 0 : 14120, 9, 2023/03/13, 21:22:16.773, 121475264703, vstest.console.dll, ParallelProxyExecutionManager: HandlePartialRunComplete: Total completed clients = 1, Run complete = True, Run canceled: False.
TpTrace Verbose: 0 : 14120, 4, 2023/03/13, 21:22:16.791, 121475440391, vstest.console.dll, MulticastDelegateUtilities.SafeInvoke: InternalTestLoggerEvents.SendTestRunComplete: Invoking callback 1/2 for Microsoft.TestPlatform.Extensions.BlameDataCollector.BlameLogger., took 0 ms.
TpTrace Verbose: 0 : 14120, 4, 2023/03/13, 21:22:16.802, 121475552379, vstest.console.dll, MulticastDelegateUtilities.SafeInvoke: InternalTestLoggerEvents.SendTestRunComplete: Invoking callback 2/2 for Microsoft.VisualStudio.TestPlatform.CommandLine.Internal.ConsoleLogger., took 11 ms.
TpTrace Verbose: 0 : 14120, 9, 2023/03/13, 21:22:16.803, 121475559388, vstest.console.dll, TestRunRequest:TestRunComplete: Starting. IsAborted:False IsCanceled:False.
TpTrace Verbose: 0 : 14120, 9, 2023/03/13, 21:22:16.806, 121475596020, vstest.console.dll, TestLoggerManager.HandleTestRunComplete: Ignoring as the object is disposed.
TpTrace Verbose: 0 : 14120, 9, 2023/03/13, 21:22:16.807, 121475601286, vstest.console.dll, MulticastDelegateUtilities.SafeInvoke: TestRun.TestRunComplete: Invoking callback 1/2 for Microsoft.VisualStudio.TestPlatform.CommandLine.TestRunResultAggregator., took 0 ms.
TpTrace Verbose: 0 : 14120, 9, 2023/03/13, 21:22:16.807, 121475604316, vstest.console.dll, MulticastDelegateUtilities.SafeInvoke: TestRun.TestRunComplete: Invoking callback 2/2 for Microsoft.VisualStudio.TestPlatform.CommandLine.Processors.RunTestsArgumentExecutor+TestRunRequestEventsRegistrar., took 0 ms.
TpTrace Information: 0 : 14120, 9, 2023/03/13, 21:22:16.807, 121475606221, vstest.console.dll, TestRunRequest:TestRunComplete: Completed.
TpTrace Verbose: 0 : 14120, 9, 2023/03/13, 21:22:16.807, 121475607481, vstest.console.dll, TestRequestSender.SetOperationComplete: Setting operation complete.
TpTrace Verbose: 0 : 14120, 1, 2023/03/13, 21:22:16.807, 121475606945, vstest.console.dll, TestRunRequest.Dispose: Starting.
TpTrace Information: 0 : 14120, 9, 2023/03/13, 21:22:16.808, 121475608564, vstest.console.dll, SocketServer.Stop: Stop server endPoint: 127.0.0.1:61135
TpTrace Information: 0 : 14120, 1, 2023/03/13, 21:22:16.808, 121475609622, vstest.console.dll, TestRunRequest.Dispose: Completed.
TpTrace Information: 0 : 14120, 9, 2023/03/13, 21:22:16.808, 121475610128, vstest.console.dll, SocketServer.Stop: Cancellation requested. Stopping message loop.
TpTrace Information: 0 : 14120, 1, 2023/03/13, 21:22:16.808, 121475611022, vstest.console.dll, TestRequestManager.RunTests: run tests completed.
TpTrace Verbose: 0 : 14120, 9, 2023/03/13, 21:22:16.808, 121475611642, vstest.console.dll, MulticastDelegateUtilities.SafeInvoke: LengthPrefixCommunicationChannel: MessageReceived: Invoking callback 1/1 for Microsoft.VisualStudio.TestPlatform.CommunicationUtilities.TestRequestSender+<>c__DisplayClass31_0., took 215 ms.
TpTrace Information: 0 : 14120, 9, 2023/03/13, 21:22:16.808, 121475612455, vstest.console.dll, SocketServer.PrivateStop: Stopping server endPoint: 127.0.0.1:61135 error: 
TpTrace Information: 0 : 14120, 1, 2023/03/13, 21:22:16.808, 121475613955, vstest.console.dll, RunTestsArgumentProcessor:Execute: Test run is completed.
TpTrace Verbose: 0 : 14120, 1, 2023/03/13, 21:22:16.808, 121475616812, vstest.console.dll, Executor.Execute: Exiting with exit code of 0
TpTrace Verbose: 0 : 14120, 9, 2023/03/13, 21:22:16.809, 121475619381, vstest.console.dll, LengthPrefixCommunicationChannel.Dispose: Dispose reader and writer.
TpTrace Information: 0 : 14120, 9, 2023/03/13, 21:22:16.809, 121475620439, vstest.console.dll, SocketServer.Stop: Raise disconnected event endPoint: 127.0.0.1:61135 error: 
TpTrace Verbose: 0 : 14120, 9, 2023/03/13, 21:22:16.809, 121475621819, vstest.console.dll, TestRequestSender: OnTestRunAbort: Operation is already complete. Skip error message.
TpTrace Verbose: 0 : 14120, 9, 2023/03/13, 21:22:16.809, 121475622499, vstest.console.dll, MulticastDelegateUtilities.SafeInvoke: SocketServer: ClientDisconnected: Invoking callback 1/1 for Microsoft.VisualStudio.TestPlatform.CommunicationUtilities.TestRequestSender., took 0 ms.
TpTrace Verbose: 0 : 14120, 9, 2023/03/13, 21:22:16.809, 121475623111, vstest.console.dll, TcpClientExtensions.MessageLoopAsync: exiting MessageLoopAsync remoteEndPoint: 127.0.0.1:61136 localEndPoint: 127.0.0.1:61135
